{
  "contracts/configuration/LendingPoolAddressesProvider.sol": {
    "l": {
      "38": 9,
      "46": 1,
      "47": 1,
      "55": 119,
      "63": 1,
      "64": 1,
      "75": 37,
      "83": 1,
      "84": 1,
      "93": 124,
      "97": 1,
      "98": 1,
      "102": 168,
      "106": 1,
      "107": 1,
      "111": 234,
      "115": 1,
      "116": 1,
      "125": 2,
      "127": 2,
      "130": 2,
      "132": 2,
      "133": 2,
      "134": 2,
      "135": 2,
      "136": 2,
      "138": 0
    },
    "path": "/src/contracts/configuration/LendingPoolAddressesProvider.sol",
    "s": {
      "1": 9,
      "2": 1,
      "3": 1,
      "4": 119,
      "5": 1,
      "6": 1,
      "7": 37,
      "8": 1,
      "9": 1,
      "10": 124,
      "11": 1,
      "12": 1,
      "13": 168,
      "14": 1,
      "15": 1,
      "16": 234,
      "17": 1,
      "18": 1,
      "19": 2,
      "20": 2,
      "21": 2,
      "22": 2,
      "23": 2,
      "24": 2,
      "25": 2,
      "26": 2,
      "27": 0
    },
    "b": {"1": [2, 0]},
    "f": {
      "1": 9,
      "2": 1,
      "3": 119,
      "4": 1,
      "5": 37,
      "6": 1,
      "7": 124,
      "8": 1,
      "9": 168,
      "10": 1,
      "11": 234,
      "12": 1,
      "13": 2
    },
    "fnMap": {
      "1": {
        "name": "getLendingPool",
        "line": 37,
        "loc": {"start": {"line": 37, "column": 2}, "end": {"line": 39, "column": 2}}
      },
      "2": {
        "name": "setLendingPoolImpl",
        "line": 45,
        "loc": {"start": {"line": 45, "column": 2}, "end": {"line": 48, "column": 2}}
      },
      "3": {
        "name": "getLendingPoolConfigurator",
        "line": 54,
        "loc": {"start": {"line": 54, "column": 2}, "end": {"line": 56, "column": 2}}
      },
      "4": {
        "name": "setLendingPoolConfiguratorImpl",
        "line": 62,
        "loc": {"start": {"line": 62, "column": 2}, "end": {"line": 65, "column": 2}}
      },
      "5": {
        "name": "getLendingPoolCollateralManager",
        "line": 74,
        "loc": {"start": {"line": 74, "column": 2}, "end": {"line": 76, "column": 2}}
      },
      "6": {
        "name": "setLendingPoolCollateralManager",
        "line": 82,
        "loc": {"start": {"line": 82, "column": 2}, "end": {"line": 85, "column": 2}}
      },
      "7": {
        "name": "getPoolAdmin",
        "line": 92,
        "loc": {"start": {"line": 92, "column": 2}, "end": {"line": 94, "column": 2}}
      },
      "8": {
        "name": "setAaveAdmin",
        "line": 96,
        "loc": {"start": {"line": 96, "column": 2}, "end": {"line": 99, "column": 2}}
      },
      "9": {
        "name": "getPriceOracle",
        "line": 101,
        "loc": {"start": {"line": 101, "column": 2}, "end": {"line": 103, "column": 2}}
      },
      "10": {
        "name": "setPriceOracle",
        "line": 105,
        "loc": {"start": {"line": 105, "column": 2}, "end": {"line": 108, "column": 2}}
      },
      "11": {
        "name": "getLendingRateOracle",
        "line": 110,
        "loc": {"start": {"line": 110, "column": 2}, "end": {"line": 112, "column": 2}}
      },
      "12": {
        "name": "setLendingRateOracle",
        "line": 114,
        "loc": {"start": {"line": 114, "column": 2}, "end": {"line": 117, "column": 2}}
      },
      "13": {
        "name": "_updateImpl",
        "line": 124,
        "loc": {"start": {"line": 124, "column": 2}, "end": {"line": 140, "column": 2}}
      }
    },
    "statementMap": {
      "1": {"start": {"line": 38, "column": 4}, "end": {"line": 38, "column": 35}},
      "2": {"start": {"line": 46, "column": 4}, "end": {"line": 46, "column": 34}},
      "3": {"start": {"line": 47, "column": 4}, "end": {"line": 47, "column": 33}},
      "4": {"start": {"line": 55, "column": 4}, "end": {"line": 55, "column": 48}},
      "5": {"start": {"line": 63, "column": 4}, "end": {"line": 63, "column": 55}},
      "6": {"start": {"line": 64, "column": 4}, "end": {"line": 64, "column": 53}},
      "7": {"start": {"line": 75, "column": 4}, "end": {"line": 75, "column": 54}},
      "8": {"start": {"line": 83, "column": 4}, "end": {"line": 83, "column": 56}},
      "9": {"start": {"line": 84, "column": 4}, "end": {"line": 84, "column": 53}},
      "10": {"start": {"line": 93, "column": 4}, "end": {"line": 93, "column": 33}},
      "11": {"start": {"line": 97, "column": 4}, "end": {"line": 97, "column": 37}},
      "12": {"start": {"line": 98, "column": 4}, "end": {"line": 98, "column": 36}},
      "13": {"start": {"line": 102, "column": 4}, "end": {"line": 102, "column": 35}},
      "14": {"start": {"line": 106, "column": 4}, "end": {"line": 106, "column": 41}},
      "15": {"start": {"line": 107, "column": 4}, "end": {"line": 107, "column": 40}},
      "16": {"start": {"line": 111, "column": 4}, "end": {"line": 111, "column": 42}},
      "17": {"start": {"line": 115, "column": 4}, "end": {"line": 115, "column": 54}},
      "18": {"start": {"line": 116, "column": 4}, "end": {"line": 116, "column": 52}},
      "19": {"start": {"line": 125, "column": 4}, "end": {"line": 125, "column": 58}},
      "20": {"start": {"line": 127, "column": 4}, "end": {"line": 127, "column": 4874}},
      "21": {"start": {"line": 130, "column": 4}, "end": {"line": 130, "column": 87}},
      "22": {"start": {"line": 132, "column": 4}, "end": {"line": 132, "column": 5078}},
      "23": {"start": {"line": 133, "column": 6}, "end": {"line": 133, "column": 56}},
      "24": {"start": {"line": 134, "column": 6}, "end": {"line": 134, "column": 56}},
      "25": {"start": {"line": 135, "column": 6}, "end": {"line": 135, "column": 36}},
      "26": {"start": {"line": 136, "column": 6}, "end": {"line": 136, "column": 43}},
      "27": {"start": {"line": 138, "column": 6}, "end": {"line": 138, "column": 47}}
    },
    "branchMap": {
      "1": {
        "line": 132,
        "type": "if",
        "locations": [
          {"start": {"line": 132, "column": 4}, "end": {"line": 132, "column": 4}},
          {"start": {"line": 132, "column": 4}, "end": {"line": 132, "column": 4}}
        ]
      }
    }
  },
  "contracts/configuration/LendingPoolAddressesProviderRegistry.sol": {
    "l": {
      "31": 1,
      "39": 3,
      "41": 3,
      "43": 3,
      "44": 5,
      "45": 4,
      "49": 3,
      "57": 2,
      "58": 2,
      "59": 2,
      "67": 1,
      "68": 1,
      "69": 1,
      "77": 2,
      "78": 1,
      "79": 0,
      "83": 2
    },
    "path": "/src/contracts/configuration/LendingPoolAddressesProviderRegistry.sol",
    "s": {
      "1": 1,
      "2": 3,
      "3": 3,
      "4": 3,
      "5": 5,
      "6": 4,
      "7": 3,
      "8": 2,
      "9": 2,
      "10": 2,
      "11": 1,
      "12": 1,
      "13": 1,
      "14": 2,
      "15": 1,
      "16": 0,
      "17": 2
    },
    "b": {"1": [4, 1], "2": [1, 0], "3": [0, 1]},
    "f": {"1": 1, "2": 3, "3": 2, "4": 1, "5": 2},
    "fnMap": {
      "1": {
        "name": "isAddressesProviderRegistered",
        "line": 25,
        "loc": {"start": {"line": 25, "column": 2}, "end": {"line": 32, "column": 2}}
      },
      "2": {
        "name": "getAddressesProvidersList",
        "line": 38,
        "loc": {"start": {"line": 38, "column": 2}, "end": {"line": 50, "column": 2}}
      },
      "3": {
        "name": "registerAddressesProvider",
        "line": 56,
        "loc": {"start": {"line": 56, "column": 2}, "end": {"line": 60, "column": 2}}
      },
      "4": {
        "name": "unregisterAddressesProvider",
        "line": 66,
        "loc": {"start": {"line": 66, "column": 2}, "end": {"line": 70, "column": 2}}
      },
      "5": {
        "name": "_addToAddressesProvidersList",
        "line": 76,
        "loc": {"start": {"line": 76, "column": 2}, "end": {"line": 84, "column": 2}}
      }
    },
    "statementMap": {
      "1": {"start": {"line": 31, "column": 4}, "end": {"line": 31, "column": 39}},
      "2": {"start": {"line": 39, "column": 4}, "end": {"line": 39, "column": 53}},
      "3": {"start": {"line": 41, "column": 4}, "end": {"line": 41, "column": 63}},
      "4": {"start": {"line": 43, "column": 4}, "end": {"line": 43, "column": 1323}},
      "5": {"start": {"line": 44, "column": 6}, "end": {"line": 44, "column": 1393}},
      "6": {"start": {"line": 45, "column": 8}, "end": {"line": 45, "column": 53}},
      "7": {"start": {"line": 49, "column": 4}, "end": {"line": 49, "column": 26}},
      "8": {"start": {"line": 57, "column": 4}, "end": {"line": 57, "column": 36}},
      "9": {"start": {"line": 58, "column": 4}, "end": {"line": 58, "column": 41}},
      "10": {"start": {"line": 59, "column": 4}, "end": {"line": 59, "column": 46}},
      "11": {"start": {"line": 67, "column": 4}, "end": {"line": 67, "column": 76}},
      "12": {"start": {"line": 68, "column": 4}, "end": {"line": 68, "column": 35}},
      "13": {"start": {"line": 69, "column": 4}, "end": {"line": 69, "column": 48}},
      "14": {"start": {"line": 77, "column": 4}, "end": {"line": 77, "column": 2552}},
      "15": {"start": {"line": 78, "column": 6}, "end": {"line": 78, "column": 2622}},
      "16": {"start": {"line": 79, "column": 8}, "end": {"line": 79, "column": 14}},
      "17": {"start": {"line": 83, "column": 4}, "end": {"line": 83, "column": 40}}
    },
    "branchMap": {
      "1": {
        "line": 44,
        "type": "if",
        "locations": [
          {"start": {"line": 44, "column": 6}, "end": {"line": 44, "column": 6}},
          {"start": {"line": 44, "column": 6}, "end": {"line": 44, "column": 6}}
        ]
      },
      "2": {
        "line": 67,
        "type": "if",
        "locations": [
          {"start": {"line": 67, "column": 4}, "end": {"line": 67, "column": 4}},
          {"start": {"line": 67, "column": 4}, "end": {"line": 67, "column": 4}}
        ]
      },
      "3": {
        "line": 78,
        "type": "if",
        "locations": [
          {"start": {"line": 78, "column": 6}, "end": {"line": 78, "column": 6}},
          {"start": {"line": 78, "column": 6}, "end": {"line": 78, "column": 6}}
        ]
      }
    }
  },
  "contracts/flashloan/base/FlashLoanReceiverBase.sol": {
    "l": {"18": 3},
    "path": "/src/contracts/flashloan/base/FlashLoanReceiverBase.sol",
    "s": {"1": 3},
    "b": {},
    "f": {"1": 3},
    "fnMap": {
      "1": {
        "name": "constructor",
        "line": 17,
        "loc": {"start": {"line": 17, "column": 2}, "end": {"line": 19, "column": 2}}
      }
    },
    "statementMap": {"1": {"start": {"line": 18, "column": 4}, "end": {"line": 18, "column": 32}}},
    "branchMap": {}
  },
  "contracts/flashloan/interfaces/IFlashLoanReceiver.sol": {
    "l": {},
    "path": "/src/contracts/flashloan/interfaces/IFlashLoanReceiver.sol",
    "s": {},
    "b": {},
    "f": {},
    "fnMap": {},
    "statementMap": {},
    "branchMap": {}
  },
  "contracts/lendingpool/DefaultReserveInterestRateStrategy.sol": {
    "l": {
      "62": 51,
      "63": 51,
      "64": 51,
      "65": 51,
      "66": 51,
      "67": 51,
      "75": 0,
      "79": 0,
      "83": 0,
      "87": 0,
      "91": 0,
      "95": 7,
      "137": 234,
      "139": 234,
      "140": 234,
      "141": 234,
      "142": 234,
      "144": 234,
      "148": 234,
      "151": 234,
      "152": 4,
      "156": 4,
      "160": 4,
      "164": 230,
      "167": 230,
      "172": 234,
      "181": 234,
      "198": 234,
      "200": 234,
      "202": 86,
      "206": 86,
      "210": 86,
      "214": 86
    },
    "path": "/src/contracts/lendingpool/DefaultReserveInterestRateStrategy.sol",
    "s": {
      "1": 51,
      "2": 51,
      "3": 51,
      "4": 51,
      "5": 51,
      "6": 51,
      "7": 0,
      "8": 0,
      "9": 0,
      "10": 0,
      "11": 0,
      "12": 7,
      "13": 234,
      "14": 234,
      "15": 234,
      "16": 234,
      "17": 234,
      "18": 234,
      "19": 234,
      "20": 234,
      "21": 4,
      "22": 4,
      "23": 4,
      "24": 230,
      "25": 230,
      "26": 234,
      "27": 234,
      "28": 234,
      "29": 234,
      "30": 148,
      "31": 86,
      "32": 86,
      "33": 86,
      "34": 86
    },
    "b": {"1": [4, 230], "2": [148, 86]},
    "f": {"1": 51, "2": 0, "3": 0, "4": 0, "5": 0, "6": 0, "7": 7, "8": 234, "9": 234},
    "fnMap": {
      "1": {
        "name": "constructor",
        "line": 54,
        "loc": {"start": {"line": 54, "column": 2}, "end": {"line": 68, "column": 2}}
      },
      "2": {
        "name": "variableRateSlope1",
        "line": 74,
        "loc": {"start": {"line": 74, "column": 2}, "end": {"line": 76, "column": 2}}
      },
      "3": {
        "name": "variableRateSlope2",
        "line": 78,
        "loc": {"start": {"line": 78, "column": 2}, "end": {"line": 80, "column": 2}}
      },
      "4": {
        "name": "stableRateSlope1",
        "line": 82,
        "loc": {"start": {"line": 82, "column": 2}, "end": {"line": 84, "column": 2}}
      },
      "5": {
        "name": "stableRateSlope2",
        "line": 86,
        "loc": {"start": {"line": 86, "column": 2}, "end": {"line": 88, "column": 2}}
      },
      "6": {
        "name": "baseVariableBorrowRate",
        "line": 90,
        "loc": {"start": {"line": 90, "column": 2}, "end": {"line": 92, "column": 2}}
      },
      "7": {
        "name": "getMaxVariableBorrowRate",
        "line": 94,
        "loc": {"start": {"line": 94, "column": 2}, "end": {"line": 96, "column": 2}}
      },
      "8": {
        "name": "calculateInterestRates",
        "line": 119,
        "loc": {"start": {"line": 119, "column": 2}, "end": {"line": 182, "column": 2}}
      },
      "9": {
        "name": "_getOverallBorrowRate",
        "line": 192,
        "loc": {"start": {"line": 192, "column": 2}, "end": {"line": 215, "column": 2}}
      }
    },
    "statementMap": {
      "1": {"start": {"line": 62, "column": 4}, "end": {"line": 62, "column": 31}},
      "2": {"start": {"line": 63, "column": 4}, "end": {"line": 63, "column": 51}},
      "3": {"start": {"line": 64, "column": 4}, "end": {"line": 64, "column": 43}},
      "4": {"start": {"line": 65, "column": 4}, "end": {"line": 65, "column": 43}},
      "5": {"start": {"line": 66, "column": 4}, "end": {"line": 66, "column": 39}},
      "6": {"start": {"line": 67, "column": 4}, "end": {"line": 67, "column": 39}},
      "7": {"start": {"line": 75, "column": 4}, "end": {"line": 75, "column": 30}},
      "8": {"start": {"line": 79, "column": 4}, "end": {"line": 79, "column": 30}},
      "9": {"start": {"line": 83, "column": 4}, "end": {"line": 83, "column": 28}},
      "10": {"start": {"line": 87, "column": 4}, "end": {"line": 87, "column": 28}},
      "11": {"start": {"line": 91, "column": 4}, "end": {"line": 91, "column": 34}},
      "12": {"start": {"line": 95, "column": 4}, "end": {"line": 95, "column": 84}},
      "13": {"start": {"line": 137, "column": 4}, "end": {"line": 137, "column": 42}},
      "14": {"start": {"line": 139, "column": 4}, "end": {"line": 139, "column": 61}},
      "15": {"start": {"line": 140, "column": 4}, "end": {"line": 140, "column": 37}},
      "16": {"start": {"line": 141, "column": 4}, "end": {"line": 141, "column": 35}},
      "17": {"start": {"line": 142, "column": 4}, "end": {"line": 142, "column": 32}},
      "18": {"start": {"line": 144, "column": 4}, "end": {"line": 144, "column": 5183}},
      "19": {"start": {"line": 148, "column": 4}, "end": {"line": 148, "column": 5283}},
      "20": {"start": {"line": 151, "column": 4}, "end": {"line": 151, "column": 5387}},
      "21": {"start": {"line": 152, "column": 6}, "end": {"line": 152, "column": 5446}},
      "22": {"start": {"line": 156, "column": 6}, "end": {"line": 156, "column": 5584}},
      "23": {"start": {"line": 160, "column": 6}, "end": {"line": 160, "column": 5749}},
      "24": {"start": {"line": 164, "column": 6}, "end": {"line": 164, "column": 5927}},
      "25": {"start": {"line": 167, "column": 6}, "end": {"line": 167, "column": 6090}},
      "26": {"start": {"line": 172, "column": 4}, "end": {"line": 172, "column": 6320}},
      "27": {"start": {"line": 181, "column": 4}, "end": {"line": 181, "column": 100}},
      "28": {"start": {"line": 198, "column": 4}, "end": {"line": 198, "column": 65}},
      "29": {"start": {"line": 200, "column": 4}, "end": {"line": 200, "column": 35}},
      "30": {"start": {"line": 200, "column": 27}, "end": {"line": 200, "column": 35}},
      "31": {"start": {"line": 202, "column": 4}, "end": {"line": 202, "column": 7483}},
      "32": {"start": {"line": 206, "column": 4}, "end": {"line": 206, "column": 7595}},
      "33": {"start": {"line": 210, "column": 4}, "end": {"line": 210, "column": 7708}},
      "34": {"start": {"line": 214, "column": 4}, "end": {"line": 214, "column": 28}}
    },
    "branchMap": {
      "1": {
        "line": 151,
        "type": "if",
        "locations": [
          {"start": {"line": 151, "column": 4}, "end": {"line": 151, "column": 4}},
          {"start": {"line": 151, "column": 4}, "end": {"line": 151, "column": 4}}
        ]
      },
      "2": {
        "line": 200,
        "type": "if",
        "locations": [
          {"start": {"line": 200, "column": 4}, "end": {"line": 200, "column": 4}},
          {"start": {"line": 200, "column": 4}, "end": {"line": 200, "column": 4}}
        ]
      }
    }
  },
  "contracts/lendingpool/LendingPool.sol": {
    "l": {
      "55": 118,
      "68": 300,
      "72": 1,
      "81": 1,
      "97": 105,
      "98": 104,
      "100": 104,
      "102": 102,
      "104": 102,
      "105": 102,
      "107": 102,
      "108": 102,
      "109": 93,
      "112": 102,
      "115": 102,
      "117": 102,
      "126": 26,
      "127": 25,
      "129": 25,
      "131": 25,
      "133": 25,
      "136": 25,
      "137": 19,
      "140": 25,
      "150": 22,
      "152": 22,
      "154": 22,
      "155": 18,
      "158": 22,
      "160": 22,
      "177": 3,
      "194": 5,
      "195": 4,
      "197": 3,
      "198": 3,
      "217": 62,
      "218": 61,
      "220": 61,
      "221": 4,
      "223": 4,
      "229": 59,
      "257": 21,
      "259": 20,
      "261": 20,
      "263": 20,
      "266": 20,
      "270": 20,
      "271": 5,
      "274": 20,
      "283": 17,
      "286": 17,
      "287": 9,
      "289": 8,
      "296": 17,
      "297": 17,
      "299": 17,
      "300": 12,
      "303": 17,
      "305": 17,
      "314": 5,
      "315": 4,
      "317": 4,
      "319": 4,
      "321": 4,
      "329": 2,
      "331": 2,
      "333": 1,
      "334": 1,
      "341": 1,
      "346": 1,
      "353": 2,
      "355": 2,
      "367": 8,
      "369": 7,
      "371": 7,
      "372": 7,
      "373": 7,
      "375": 7,
      "378": 7,
      "379": 7,
      "380": 7,
      "387": 7,
      "388": 7,
      "394": 7,
      "401": 1,
      "403": 1,
      "404": 1,
      "406": 1,
      "408": 1,
      "418": 8,
      "419": 7,
      "421": 7,
      "430": 6,
      "432": 6,
      "433": 2,
      "435": 4,
      "455": 11,
      "456": 10,
      "459": 10,
      "469": 10,
      "471": 10,
      "473": 10,
      "475": 5,
      "499": 21,
      "500": 20,
      "501": 18,
      "503": 18,
      "506": 18,
      "517": 18,
      "519": 16,
      "521": 16,
      "522": 5,
      "525": 11,
      "555": 14,
      "556": 13,
      "557": 13,
      "559": 13,
      "561": 13,
      "563": 13,
      "565": 11,
      "567": 11,
      "570": 11,
      "573": 9,
      "575": 9,
      "577": 9,
      "578": 5,
      "580": 3,
      "581": 3,
      "582": 3,
      "584": 3,
      "587": 4,
      "617": 10,
      "618": 9,
      "621": 9,
      "631": 9,
      "633": 7,
      "635": 7,
      "636": 5,
      "662": 97,
      "664": 97,
      "689": 710,
      "691": 710,
      "715": 363,
      "717": 363,
      "744": 21,
      "758": 21,
      "781": 343,
      "783": 343,
      "784": 343,
      "785": 343,
      "786": 343,
      "787": 343,
      "788": 343,
      "789": 343,
      "792": 343,
      "796": 3,
      "800": 0,
      "816": 17,
      "817": 17,
      "823": 17,
      "836": 0,
      "837": 0,
      "841": 75,
      "842": 75,
      "851": 75,
      "872": 63,
      "873": 63,
      "875": 63,
      "877": 63,
      "881": 63,
      "894": 50,
      "895": 50,
      "896": 37,
      "899": 50,
      "902": 50,
      "904": 50,
      "907": 25,
      "909": 25,
      "915": 25,
      "922": 50,
      "929": 50,
      "930": 47,
      "933": 50,
      "950": 17,
      "951": 17,
      "952": 17,
      "953": 136,
      "954": 0,
      "956": 17,
      "957": 17,
      "958": 17,
      "968": 648,
      "982": 810,
      "997": 4,
      "998": 3,
      "1015": 26,
      "1017": 26,
      "1018": 26,
      "1019": 13,
      "1021": 13,
      "1029": 0
    },
    "path": "/src/contracts/lendingpool/LendingPool.sol",
    "s": {
      "1": 118,
      "2": 300,
      "3": 1,
      "4": 1,
      "5": 105,
      "6": 104,
      "7": 104,
      "8": 102,
      "9": 102,
      "10": 102,
      "11": 102,
      "12": 102,
      "13": 93,
      "14": 102,
      "15": 102,
      "16": 102,
      "17": 26,
      "18": 25,
      "19": 25,
      "20": 25,
      "21": 25,
      "22": 25,
      "23": 19,
      "24": 25,
      "25": 22,
      "26": 22,
      "27": 22,
      "28": 18,
      "29": 22,
      "30": 22,
      "31": 3,
      "32": 5,
      "33": 4,
      "34": 3,
      "35": 3,
      "36": 62,
      "37": 61,
      "38": 61,
      "39": 4,
      "40": 4,
      "41": 59,
      "42": 21,
      "43": 20,
      "44": 20,
      "45": 20,
      "46": 20,
      "47": 20,
      "48": 5,
      "49": 20,
      "50": 17,
      "51": 17,
      "52": 9,
      "53": 8,
      "54": 17,
      "55": 17,
      "56": 17,
      "57": 12,
      "58": 17,
      "59": 17,
      "60": 5,
      "61": 4,
      "62": 4,
      "63": 4,
      "64": 4,
      "65": 2,
      "66": 2,
      "67": 1,
      "68": 1,
      "69": 1,
      "70": 1,
      "71": 2,
      "72": 2,
      "73": 8,
      "74": 7,
      "75": 7,
      "76": 7,
      "77": 7,
      "78": 7,
      "79": 7,
      "80": 7,
      "81": 7,
      "82": 7,
      "83": 7,
      "84": 7,
      "85": 1,
      "86": 1,
      "87": 1,
      "88": 1,
      "89": 1,
      "90": 8,
      "91": 7,
      "92": 7,
      "93": 6,
      "94": 6,
      "95": 2,
      "96": 4,
      "97": 11,
      "98": 10,
      "99": 10,
      "100": 10,
      "101": 10,
      "102": 10,
      "103": 5,
      "104": 21,
      "105": 20,
      "106": 18,
      "107": 18,
      "108": 18,
      "109": 18,
      "110": 16,
      "111": 16,
      "112": 5,
      "113": 11,
      "114": 14,
      "115": 13,
      "116": 13,
      "117": 13,
      "118": 13,
      "119": 13,
      "120": 11,
      "121": 11,
      "122": 11,
      "123": 9,
      "124": 9,
      "125": 9,
      "126": 5,
      "127": 3,
      "128": 3,
      "129": 3,
      "130": 3,
      "131": 4,
      "132": 10,
      "133": 9,
      "134": 9,
      "135": 9,
      "136": 7,
      "137": 7,
      "138": 5,
      "139": 97,
      "140": 97,
      "141": 710,
      "142": 710,
      "143": 363,
      "144": 363,
      "145": 21,
      "146": 21,
      "147": 343,
      "148": 343,
      "149": 343,
      "150": 343,
      "151": 343,
      "152": 343,
      "153": 343,
      "154": 343,
      "155": 343,
      "156": 3,
      "157": 17,
      "158": 17,
      "159": 17,
      "160": 0,
      "161": 0,
      "162": 75,
      "163": 75,
      "164": 75,
      "165": 63,
      "166": 63,
      "167": 63,
      "168": 63,
      "169": 63,
      "170": 50,
      "171": 50,
      "172": 37,
      "173": 50,
      "174": 50,
      "175": 50,
      "176": 25,
      "177": 25,
      "178": 25,
      "179": 50,
      "180": 50,
      "181": 47,
      "182": 50,
      "183": 17,
      "184": 17,
      "185": 17,
      "186": 136,
      "187": 0,
      "188": 17,
      "189": 17,
      "190": 17,
      "191": 648,
      "192": 810,
      "193": 4,
      "194": 3,
      "195": 26,
      "196": 26,
      "197": 26,
      "198": 13,
      "199": 13,
      "200": 0
    },
    "b": {
      "1": [118, 0],
      "2": [287, 13],
      "3": [93, 9],
      "4": [19, 6],
      "5": [18, 4],
      "6": [4, 57],
      "7": [5, 15],
      "8": [9, 8],
      "9": [12, 5],
      "10": [1, 1],
      "11": [1, 6],
      "12": [2, 4],
      "13": [10, 0],
      "14": [5, 5],
      "15": [18, 2],
      "16": [16, 2],
      "17": [5, 11],
      "18": [5, 4],
      "19": [7, 2],
      "20": [5, 2],
      "21": [37, 13],
      "22": [25, 25],
      "23": [47, 3],
      "24": [17, 0],
      "25": [0, 136],
      "26": [17, 0],
      "27": [13, 13]
    },
    "f": {
      "1": 118,
      "2": 300,
      "3": 1,
      "4": 1,
      "5": 105,
      "6": 26,
      "7": 3,
      "8": 5,
      "9": 62,
      "10": 21,
      "11": 5,
      "12": 8,
      "13": 8,
      "14": 11,
      "15": 21,
      "16": 14,
      "17": 10,
      "18": 97,
      "19": 710,
      "20": 363,
      "21": 21,
      "22": 343,
      "23": 3,
      "24": 17,
      "25": 0,
      "26": 75,
      "27": 75,
      "28": 63,
      "29": 17,
      "30": 648,
      "31": 810,
      "32": 4,
      "33": 26,
      "34": 0
    },
    "fnMap": {
      "1": {
        "name": "_onlyLendingPoolConfigurator",
        "line": 54,
        "loc": {"start": {"line": 54, "column": 2}, "end": {"line": 59, "column": 2}}
      },
      "2": {
        "name": "_whenNotPaused",
        "line": 67,
        "loc": {"start": {"line": 67, "column": 2}, "end": {"line": 69, "column": 2}}
      },
      "3": {
        "name": "getRevision",
        "line": 71,
        "loc": {"start": {"line": 71, "column": 2}, "end": {"line": 73, "column": 2}}
      },
      "4": {
        "name": "initialize",
        "line": 80,
        "loc": {"start": {"line": 80, "column": 2}, "end": {"line": 82, "column": 2}}
      },
      "5": {
        "name": "deposit",
        "line": 91,
        "loc": {"start": {"line": 91, "column": 2}, "end": {"line": 118, "column": 2}}
      },
      "6": {
        "name": "withdraw",
        "line": 125,
        "loc": {"start": {"line": 125, "column": 2}, "end": {"line": 161, "column": 2}}
      },
      "7": {
        "name": "getBorrowAllowance",
        "line": 171,
        "loc": {"start": {"line": 171, "column": 2}, "end": {"line": 179, "column": 2}}
      },
      "8": {
        "name": "delegateBorrowAllowance",
        "line": 188,
        "loc": {"start": {"line": 188, "column": 2}, "end": {"line": 199, "column": 2}}
      },
      "9": {
        "name": "borrow",
        "line": 210,
        "loc": {"start": {"line": 210, "column": 2}, "end": {"line": 241, "column": 2}}
      },
      "10": {
        "name": "repay",
        "line": 251,
        "loc": {"start": {"line": 251, "column": 2}, "end": {"line": 306, "column": 2}}
      },
      "11": {
        "name": "swapBorrowRateMode",
        "line": 313,
        "loc": {"start": {"line": 313, "column": 2}, "end": {"line": 356, "column": 2}}
      },
      "12": {
        "name": "rebalanceStableBorrowRate",
        "line": 365,
        "loc": {"start": {"line": 365, "column": 2}, "end": {"line": 410, "column": 2}}
      },
      "13": {
        "name": "setUserUseReserveAsCollateral",
        "line": 417,
        "loc": {"start": {"line": 417, "column": 2}, "end": {"line": 437, "column": 2}}
      },
      "14": {
        "name": "liquidationCall",
        "line": 448,
        "loc": {"start": {"line": 448, "column": 2}, "end": {"line": 477, "column": 2}}
      },
      "15": {
        "name": "repayWithCollateral",
        "line": 491,
        "loc": {"start": {"line": 491, "column": 2}, "end": {"line": 526, "column": 2}}
      },
      "16": {
        "name": "flashLoan",
        "line": 547,
        "loc": {"start": {"line": 547, "column": 2}, "end": {"line": 600, "column": 2}}
      },
      "17": {
        "name": "swapLiquidity",
        "line": 610,
        "loc": {"start": {"line": 610, "column": 2}, "end": {"line": 638, "column": 2}}
      },
      "18": {
        "name": "getReserveConfigurationData",
        "line": 644,
        "loc": {"start": {"line": 644, "column": 2}, "end": {"line": 677, "column": 2}}
      },
      "19": {
        "name": "getReserveTokensAddresses",
        "line": 679,
        "loc": {"start": {"line": 679, "column": 2}, "end": {"line": 696, "column": 2}}
      },
      "20": {
        "name": "getReserveData",
        "line": 698,
        "loc": {"start": {"line": 698, "column": 2}, "end": {"line": 729, "column": 2}}
      },
      "21": {
        "name": "getUserAccountData",
        "line": 731,
        "loc": {"start": {"line": 731, "column": 2}, "end": {"line": 763, "column": 2}}
      },
      "22": {
        "name": "getUserReserveData",
        "line": 765,
        "loc": {"start": {"line": 765, "column": 2}, "end": {"line": 793, "column": 2}}
      },
      "23": {
        "name": "getReserves",
        "line": 795,
        "loc": {"start": {"line": 795, "column": 2}, "end": {"line": 797, "column": 2}}
      },
      "24": {
        "name": "initReserve",
        "line": 809,
        "loc": {"start": {"line": 809, "column": 2}, "end": {"line": 824, "column": 2}}
      },
      "25": {
        "name": "setReserveInterestRateStrategyAddress",
        "line": 832,
        "loc": {"start": {"line": 832, "column": 2}, "end": {"line": 838, "column": 2}}
      },
      "26": {
        "name": "setConfiguration",
        "line": 840,
        "loc": {"start": {"line": 840, "column": 2}, "end": {"line": 843, "column": 2}}
      },
      "27": {
        "name": "getConfiguration",
        "line": 845,
        "loc": {"start": {"line": 845, "column": 2}, "end": {"line": 852, "column": 2}}
      },
      "28": {
        "name": "_executeBorrow",
        "line": 871,
        "loc": {"start": {"line": 871, "column": 2}, "end": {"line": 944, "column": 2}}
      },
      "29": {
        "name": "_addReserveToList",
        "line": 949,
        "loc": {"start": {"line": 949, "column": 2}, "end": {"line": 960, "column": 2}}
      },
      "30": {
        "name": "getReserveNormalizedIncome",
        "line": 967,
        "loc": {"start": {"line": 967, "column": 2}, "end": {"line": 969, "column": 2}}
      },
      "31": {
        "name": "getReserveNormalizedVariableDebt",
        "line": 976,
        "loc": {"start": {"line": 976, "column": 2}, "end": {"line": 983, "column": 2}}
      },
      "32": {
        "name": "balanceDecreaseAllowed",
        "line": 992,
        "loc": {"start": {"line": 992, "column": 2}, "end": {"line": 1008, "column": 2}}
      },
      "33": {
        "name": "setPause",
        "line": 1014,
        "loc": {"start": {"line": 1014, "column": 2}, "end": {"line": 1023, "column": 2}}
      },
      "34": {
        "name": "paused",
        "line": 1028,
        "loc": {"start": {"line": 1028, "column": 2}, "end": {"line": 1030, "column": 2}}
      }
    },
    "statementMap": {
      "1": {"start": {"line": 55, "column": 4}, "end": {"line": 55, "column": 2946}},
      "2": {"start": {"line": 68, "column": 4}, "end": {"line": 68, "column": 38}},
      "3": {"start": {"line": 72, "column": 4}, "end": {"line": 72, "column": 31}},
      "4": {"start": {"line": 81, "column": 4}, "end": {"line": 81, "column": 32}},
      "5": {"start": {"line": 97, "column": 4}, "end": {"line": 97, "column": 19}},
      "6": {"start": {"line": 98, "column": 4}, "end": {"line": 98, "column": 63}},
      "7": {"start": {"line": 100, "column": 4}, "end": {"line": 100, "column": 51}},
      "8": {"start": {"line": 102, "column": 4}, "end": {"line": 102, "column": 42}},
      "9": {"start": {"line": 104, "column": 4}, "end": {"line": 104, "column": 24}},
      "10": {"start": {"line": 105, "column": 4}, "end": {"line": 105, "column": 56}},
      "11": {"start": {"line": 107, "column": 4}, "end": {"line": 107, "column": 68}},
      "12": {"start": {"line": 108, "column": 4}, "end": {"line": 108, "column": 4605}},
      "13": {"start": {"line": 109, "column": 6}, "end": {"line": 109, "column": 68}},
      "14": {"start": {"line": 112, "column": 4}, "end": {"line": 112, "column": 67}},
      "15": {"start": {"line": 115, "column": 4}, "end": {"line": 115, "column": 61}},
      "16": {"start": {"line": 117, "column": 4}, "end": {"line": 117, "column": 69}},
      "17": {"start": {"line": 126, "column": 4}, "end": {"line": 126, "column": 19}},
      "18": {"start": {"line": 127, "column": 4}, "end": {"line": 127, "column": 63}},
      "19": {"start": {"line": 129, "column": 4}, "end": {"line": 129, "column": 42}},
      "20": {"start": {"line": 131, "column": 4}, "end": {"line": 131, "column": 63}},
      "21": {"start": {"line": 133, "column": 4}, "end": {"line": 133, "column": 37}},
      "22": {"start": {"line": 136, "column": 4}, "end": {"line": 136, "column": 5500}},
      "23": {"start": {"line": 137, "column": 6}, "end": {"line": 137, "column": 35}},
      "24": {"start": {"line": 140, "column": 4}, "end": {"line": 140, "column": 5584}},
      "25": {"start": {"line": 150, "column": 4}, "end": {"line": 150, "column": 24}},
      "26": {"start": {"line": 152, "column": 4}, "end": {"line": 152, "column": 66}},
      "27": {"start": {"line": 154, "column": 4}, "end": {"line": 154, "column": 5896}},
      "28": {"start": {"line": 155, "column": 6}, "end": {"line": 155, "column": 69}},
      "29": {"start": {"line": 158, "column": 4}, "end": {"line": 158, "column": 89}},
      "30": {"start": {"line": 160, "column": 4}, "end": {"line": 160, "column": 44}},
      "31": {"start": {"line": 177, "column": 4}, "end": {"line": 177, "column": 6759}},
      "32": {"start": {"line": 194, "column": 4}, "end": {"line": 194, "column": 19}},
      "33": {"start": {"line": 195, "column": 4}, "end": {"line": 195, "column": 78}},
      "34": {"start": {"line": 197, "column": 4}, "end": {"line": 197, "column": 57}},
      "35": {"start": {"line": 198, "column": 4}, "end": {"line": 198, "column": 84}},
      "36": {"start": {"line": 217, "column": 4}, "end": {"line": 217, "column": 19}},
      "37": {"start": {"line": 218, "column": 4}, "end": {"line": 218, "column": 63}},
      "38": {"start": {"line": 220, "column": 4}, "end": {"line": 220, "column": 8253}},
      "39": {"start": {"line": 221, "column": 6}, "end": {"line": 221, "column": 71}},
      "40": {"start": {"line": 223, "column": 6}, "end": {"line": 223, "column": 8367}},
      "41": {"start": {"line": 229, "column": 4}, "end": {"line": 229, "column": 8567}},
      "42": {"start": {"line": 257, "column": 4}, "end": {"line": 257, "column": 19}},
      "43": {"start": {"line": 259, "column": 4}, "end": {"line": 259, "column": 63}},
      "44": {"start": {"line": 261, "column": 4}, "end": {"line": 261, "column": 96}},
      "45": {"start": {"line": 263, "column": 4}, "end": {"line": 263, "column": 92}},
      "46": {"start": {"line": 266, "column": 4}, "end": {"line": 266, "column": 9784}},
      "47": {"start": {"line": 270, "column": 4}, "end": {"line": 270, "column": 9895}},
      "48": {"start": {"line": 271, "column": 6}, "end": {"line": 271, "column": 27}},
      "49": {"start": {"line": 274, "column": 4}, "end": {"line": 274, "column": 9997}},
      "50": {"start": {"line": 283, "column": 4}, "end": {"line": 283, "column": 24}},
      "51": {"start": {"line": 286, "column": 4}, "end": {"line": 286, "column": 10224}},
      "52": {"start": {"line": 287, "column": 6}, "end": {"line": 287, "column": 85}},
      "53": {"start": {"line": 289, "column": 6}, "end": {"line": 289, "column": 10397}},
      "54": {"start": {"line": 296, "column": 4}, "end": {"line": 296, "column": 42}},
      "55": {"start": {"line": 297, "column": 4}, "end": {"line": 297, "column": 63}},
      "56": {"start": {"line": 299, "column": 4}, "end": {"line": 299, "column": 10664}},
      "57": {"start": {"line": 300, "column": 6}, "end": {"line": 300, "column": 61}},
      "58": {"start": {"line": 303, "column": 4}, "end": {"line": 303, "column": 68}},
      "59": {"start": {"line": 305, "column": 4}, "end": {"line": 305, "column": 60}},
      "60": {"start": {"line": 314, "column": 4}, "end": {"line": 314, "column": 19}},
      "61": {"start": {"line": 315, "column": 4}, "end": {"line": 315, "column": 63}},
      "62": {"start": {"line": 317, "column": 4}, "end": {"line": 317, "column": 96}},
      "63": {"start": {"line": 319, "column": 4}, "end": {"line": 319, "column": 92}},
      "64": {"start": {"line": 321, "column": 4}, "end": {"line": 321, "column": 11549}},
      "65": {"start": {"line": 329, "column": 4}, "end": {"line": 329, "column": 24}},
      "66": {"start": {"line": 331, "column": 4}, "end": {"line": 331, "column": 11735}},
      "67": {"start": {"line": 333, "column": 6}, "end": {"line": 333, "column": 82}},
      "68": {"start": {"line": 334, "column": 6}, "end": {"line": 334, "column": 11951}},
      "69": {"start": {"line": 341, "column": 6}, "end": {"line": 341, "column": 12138}},
      "70": {"start": {"line": 346, "column": 6}, "end": {"line": 346, "column": 12290}},
      "71": {"start": {"line": 353, "column": 4}, "end": {"line": 353, "column": 66}},
      "72": {"start": {"line": 355, "column": 4}, "end": {"line": 355, "column": 32}},
      "73": {"start": {"line": 367, "column": 4}, "end": {"line": 367, "column": 19}},
      "74": {"start": {"line": 369, "column": 4}, "end": {"line": 369, "column": 63}},
      "75": {"start": {"line": 371, "column": 4}, "end": {"line": 371, "column": 67}},
      "76": {"start": {"line": 372, "column": 4}, "end": {"line": 372, "column": 71}},
      "77": {"start": {"line": 373, "column": 4}, "end": {"line": 373, "column": 49}},
      "78": {"start": {"line": 375, "column": 4}, "end": {"line": 375, "column": 73}},
      "79": {"start": {"line": 378, "column": 4}, "end": {"line": 378, "column": 104}},
      "80": {"start": {"line": 379, "column": 4}, "end": {"line": 379, "column": 82}},
      "81": {"start": {"line": 380, "column": 4}, "end": {"line": 380, "column": 13692}},
      "82": {"start": {"line": 387, "column": 4}, "end": {"line": 387, "column": 63}},
      "83": {"start": {"line": 388, "column": 4}, "end": {"line": 388, "column": 14007}},
      "84": {"start": {"line": 394, "column": 4}, "end": {"line": 394, "column": 14137}},
      "85": {"start": {"line": 401, "column": 4}, "end": {"line": 401, "column": 24}},
      "86": {"start": {"line": 403, "column": 4}, "end": {"line": 403, "column": 77}},
      "87": {"start": {"line": 404, "column": 4}, "end": {"line": 404, "column": 110}},
      "88": {"start": {"line": 406, "column": 4}, "end": {"line": 406, "column": 58}},
      "89": {"start": {"line": 408, "column": 4}, "end": {"line": 408, "column": 47}},
      "90": {"start": {"line": 418, "column": 4}, "end": {"line": 418, "column": 19}},
      "91": {"start": {"line": 419, "column": 4}, "end": {"line": 419, "column": 63}},
      "92": {"start": {"line": 421, "column": 4}, "end": {"line": 421, "column": 15152}},
      "93": {"start": {"line": 430, "column": 4}, "end": {"line": 430, "column": 77}},
      "94": {"start": {"line": 432, "column": 4}, "end": {"line": 432, "column": 15436}},
      "95": {"start": {"line": 433, "column": 6}, "end": {"line": 433, "column": 60}},
      "96": {"start": {"line": 435, "column": 6}, "end": {"line": 435, "column": 61}},
      "97": {"start": {"line": 455, "column": 4}, "end": {"line": 455, "column": 19}},
      "98": {"start": {"line": 456, "column": 4}, "end": {"line": 456, "column": 84}},
      "99": {"start": {"line": 459, "column": 4}, "end": {"line": 459, "column": 16409}},
      "100": {"start": {"line": 469, "column": 4}, "end": {"line": 469, "column": 51}},
      "101": {"start": {"line": 471, "column": 4}, "end": {"line": 471, "column": 93}},
      "102": {"start": {"line": 473, "column": 4}, "end": {"line": 473, "column": 16839}},
      "103": {"start": {"line": 475, "column": 6}, "end": {"line": 475, "column": 52}},
      "104": {"start": {"line": 499, "column": 4}, "end": {"line": 499, "column": 19}},
      "105": {"start": {"line": 500, "column": 4}, "end": {"line": 500, "column": 67}},
      "106": {"start": {"line": 501, "column": 4}, "end": {"line": 501, "column": 33}},
      "107": {"start": {"line": 503, "column": 4}, "end": {"line": 503, "column": 84}},
      "108": {"start": {"line": 506, "column": 4}, "end": {"line": 506, "column": 18211}},
      "109": {"start": {"line": 517, "column": 4}, "end": {"line": 517, "column": 56}},
      "110": {"start": {"line": 519, "column": 4}, "end": {"line": 519, "column": 93}},
      "111": {"start": {"line": 521, "column": 4}, "end": {"line": 521, "column": 18675}},
      "112": {"start": {"line": 522, "column": 6}, "end": {"line": 522, "column": 52}},
      "113": {"start": {"line": 525, "column": 4}, "end": {"line": 525, "column": 34}},
      "114": {"start": {"line": 555, "column": 4}, "end": {"line": 555, "column": 19}},
      "115": {"start": {"line": 556, "column": 4}, "end": {"line": 556, "column": 63}},
      "116": {"start": {"line": 557, "column": 4}, "end": {"line": 557, "column": 34}},
      "117": {"start": {"line": 559, "column": 4}, "end": {"line": 559, "column": 45}},
      "118": {"start": {"line": 561, "column": 4}, "end": {"line": 561, "column": 64}},
      "119": {"start": {"line": 563, "column": 4}, "end": {"line": 563, "column": 56}},
      "120": {"start": {"line": 565, "column": 4}, "end": {"line": 565, "column": 80}},
      "121": {"start": {"line": 567, "column": 4}, "end": {"line": 567, "column": 54}},
      "122": {"start": {"line": 570, "column": 4}, "end": {"line": 570, "column": 76}},
      "123": {"start": {"line": 573, "column": 4}, "end": {"line": 573, "column": 70}},
      "124": {"start": {"line": 575, "column": 4}, "end": {"line": 575, "column": 52}},
      "125": {"start": {"line": 577, "column": 4}, "end": {"line": 577, "column": 20770}},
      "126": {"start": {"line": 578, "column": 6}, "end": {"line": 578, "column": 92}},
      "127": {"start": {"line": 580, "column": 6}, "end": {"line": 580, "column": 26}},
      "128": {"start": {"line": 581, "column": 6}, "end": {"line": 581, "column": 93}},
      "129": {"start": {"line": 582, "column": 6}, "end": {"line": 582, "column": 76}},
      "130": {"start": {"line": 584, "column": 6}, "end": {"line": 584, "column": 80}},
      "131": {"start": {"line": 587, "column": 6}, "end": {"line": 587, "column": 21346}},
      "132": {"start": {"line": 617, "column": 4}, "end": {"line": 617, "column": 19}},
      "133": {"start": {"line": 618, "column": 4}, "end": {"line": 618, "column": 84}},
      "134": {"start": {"line": 621, "column": 4}, "end": {"line": 621, "column": 22445}},
      "135": {"start": {"line": 631, "column": 4}, "end": {"line": 631, "column": 50}},
      "136": {"start": {"line": 633, "column": 4}, "end": {"line": 633, "column": 93}},
      "137": {"start": {"line": 635, "column": 4}, "end": {"line": 635, "column": 22876}},
      "138": {"start": {"line": 636, "column": 6}, "end": {"line": 636, "column": 52}},
      "139": {"start": {"line": 662, "column": 4}, "end": {"line": 662, "column": 63}},
      "140": {"start": {"line": 664, "column": 4}, "end": {"line": 664, "column": 23557}},
      "141": {"start": {"line": 689, "column": 4}, "end": {"line": 689, "column": 63}},
      "142": {"start": {"line": 691, "column": 4}, "end": {"line": 691, "column": 24379}},
      "143": {"start": {"line": 715, "column": 4}, "end": {"line": 715, "column": 62}},
      "144": {"start": {"line": 717, "column": 4}, "end": {"line": 717, "column": 25005}},
      "145": {"start": {"line": 744, "column": 4}, "end": {"line": 744, "column": 25791}},
      "146": {"start": {"line": 758, "column": 4}, "end": {"line": 758, "column": 26088}},
      "147": {"start": {"line": 781, "column": 4}, "end": {"line": 781, "column": 63}},
      "148": {"start": {"line": 783, "column": 4}, "end": {"line": 783, "column": 71}},
      "149": {"start": {"line": 784, "column": 4}, "end": {"line": 784, "column": 87}},
      "150": {"start": {"line": 785, "column": 4}, "end": {"line": 785, "column": 98}},
      "151": {"start": {"line": 786, "column": 4}, "end": {"line": 786, "column": 98}},
      "152": {"start": {"line": 787, "column": 4}, "end": {"line": 787, "column": 47}},
      "153": {"start": {"line": 788, "column": 4}, "end": {"line": 788, "column": 94}},
      "154": {"start": {"line": 789, "column": 4}, "end": {"line": 789, "column": 27231}},
      "155": {"start": {"line": 792, "column": 4}, "end": {"line": 792, "column": 80}},
      "156": {"start": {"line": 796, "column": 4}, "end": {"line": 796, "column": 24}},
      "157": {"start": {"line": 816, "column": 4}, "end": {"line": 816, "column": 33}},
      "158": {"start": {"line": 817, "column": 4}, "end": {"line": 817, "column": 28078}},
      "159": {"start": {"line": 823, "column": 4}, "end": {"line": 823, "column": 27}},
      "160": {"start": {"line": 836, "column": 4}, "end": {"line": 836, "column": 33}},
      "161": {"start": {"line": 837, "column": 4}, "end": {"line": 837, "column": 69}},
      "162": {"start": {"line": 841, "column": 4}, "end": {"line": 841, "column": 33}},
      "163": {"start": {"line": 842, "column": 4}, "end": {"line": 842, "column": 54}},
      "164": {"start": {"line": 851, "column": 4}, "end": {"line": 851, "column": 41}},
      "165": {"start": {"line": 872, "column": 4}, "end": {"line": 872, "column": 68}},
      "166": {"start": {"line": 873, "column": 4}, "end": {"line": 873, "column": 76}},
      "167": {"start": {"line": 875, "column": 4}, "end": {"line": 875, "column": 56}},
      "168": {"start": {"line": 877, "column": 4}, "end": {"line": 877, "column": 29792}},
      "169": {"start": {"line": 881, "column": 4}, "end": {"line": 881, "column": 29946}},
      "170": {"start": {"line": 894, "column": 4}, "end": {"line": 894, "column": 34}},
      "171": {"start": {"line": 895, "column": 4}, "end": {"line": 895, "column": 30243}},
      "172": {"start": {"line": 896, "column": 6}, "end": {"line": 896, "column": 45}},
      "173": {"start": {"line": 899, "column": 4}, "end": {"line": 899, "column": 24}},
      "174": {"start": {"line": 902, "column": 4}, "end": {"line": 902, "column": 33}},
      "175": {"start": {"line": 904, "column": 4}, "end": {"line": 904, "column": 30453}},
      "176": {"start": {"line": 907, "column": 6}, "end": {"line": 907, "column": 56}},
      "177": {"start": {"line": 909, "column": 6}, "end": {"line": 909, "column": 30633}},
      "178": {"start": {"line": 915, "column": 6}, "end": {"line": 915, "column": 30788}},
      "179": {"start": {"line": 922, "column": 4}, "end": {"line": 922, "column": 30947}},
      "180": {"start": {"line": 929, "column": 4}, "end": {"line": 929, "column": 31088}},
      "181": {"start": {"line": 930, "column": 6}, "end": {"line": 930, "column": 77}},
      "182": {"start": {"line": 933, "column": 4}, "end": {"line": 933, "column": 31210}},
      "183": {"start": {"line": 950, "column": 4}, "end": {"line": 950, "column": 36}},
      "184": {"start": {"line": 951, "column": 4}, "end": {"line": 951, "column": 87}},
      "185": {"start": {"line": 952, "column": 4}, "end": {"line": 952, "column": 31801}},
      "186": {"start": {"line": 953, "column": 6}, "end": {"line": 953, "column": 31858}},
      "187": {"start": {"line": 954, "column": 8}, "end": {"line": 954, "column": 33}},
      "188": {"start": {"line": 956, "column": 4}, "end": {"line": 956, "column": 31937}},
      "189": {"start": {"line": 957, "column": 6}, "end": {"line": 957, "column": 54}},
      "190": {"start": {"line": 958, "column": 6}, "end": {"line": 958, "column": 30}},
      "191": {"start": {"line": 968, "column": 4}, "end": {"line": 968, "column": 49}},
      "192": {"start": {"line": 982, "column": 4}, "end": {"line": 982, "column": 47}},
      "193": {"start": {"line": 997, "column": 4}, "end": {"line": 997, "column": 19}},
      "194": {"start": {"line": 998, "column": 4}, "end": {"line": 998, "column": 33188}},
      "195": {"start": {"line": 1015, "column": 4}, "end": {"line": 1015, "column": 33}},
      "196": {"start": {"line": 1017, "column": 4}, "end": {"line": 1017, "column": 16}},
      "197": {"start": {"line": 1018, "column": 4}, "end": {"line": 1018, "column": 33641}},
      "198": {"start": {"line": 1019, "column": 6}, "end": {"line": 1019, "column": 19}},
      "199": {"start": {"line": 1021, "column": 6}, "end": {"line": 1021, "column": 21}},
      "200": {"start": {"line": 1029, "column": 4}, "end": {"line": 1029, "column": 18}}
    },
    "branchMap": {
      "1": {
        "line": 55,
        "type": "if",
        "locations": [
          {"start": {"line": 55, "column": 4}, "end": {"line": 55, "column": 4}},
          {"start": {"line": 55, "column": 4}, "end": {"line": 55, "column": 4}}
        ]
      },
      "2": {
        "line": 68,
        "type": "if",
        "locations": [
          {"start": {"line": 68, "column": 4}, "end": {"line": 68, "column": 4}},
          {"start": {"line": 68, "column": 4}, "end": {"line": 68, "column": 4}}
        ]
      },
      "3": {
        "line": 108,
        "type": "if",
        "locations": [
          {"start": {"line": 108, "column": 4}, "end": {"line": 108, "column": 4}},
          {"start": {"line": 108, "column": 4}, "end": {"line": 108, "column": 4}}
        ]
      },
      "4": {
        "line": 136,
        "type": "if",
        "locations": [
          {"start": {"line": 136, "column": 4}, "end": {"line": 136, "column": 4}},
          {"start": {"line": 136, "column": 4}, "end": {"line": 136, "column": 4}}
        ]
      },
      "5": {
        "line": 154,
        "type": "if",
        "locations": [
          {"start": {"line": 154, "column": 4}, "end": {"line": 154, "column": 4}},
          {"start": {"line": 154, "column": 4}, "end": {"line": 154, "column": 4}}
        ]
      },
      "6": {
        "line": 220,
        "type": "if",
        "locations": [
          {"start": {"line": 220, "column": 4}, "end": {"line": 220, "column": 4}},
          {"start": {"line": 220, "column": 4}, "end": {"line": 220, "column": 4}}
        ]
      },
      "7": {
        "line": 270,
        "type": "if",
        "locations": [
          {"start": {"line": 270, "column": 4}, "end": {"line": 270, "column": 4}},
          {"start": {"line": 270, "column": 4}, "end": {"line": 270, "column": 4}}
        ]
      },
      "8": {
        "line": 286,
        "type": "if",
        "locations": [
          {"start": {"line": 286, "column": 4}, "end": {"line": 286, "column": 4}},
          {"start": {"line": 286, "column": 4}, "end": {"line": 286, "column": 4}}
        ]
      },
      "9": {
        "line": 299,
        "type": "if",
        "locations": [
          {"start": {"line": 299, "column": 4}, "end": {"line": 299, "column": 4}},
          {"start": {"line": 299, "column": 4}, "end": {"line": 299, "column": 4}}
        ]
      },
      "10": {
        "line": 331,
        "type": "if",
        "locations": [
          {"start": {"line": 331, "column": 4}, "end": {"line": 331, "column": 4}},
          {"start": {"line": 331, "column": 4}, "end": {"line": 331, "column": 4}}
        ]
      },
      "11": {
        "line": 394,
        "type": "if",
        "locations": [
          {"start": {"line": 394, "column": 4}, "end": {"line": 394, "column": 4}},
          {"start": {"line": 394, "column": 4}, "end": {"line": 394, "column": 4}}
        ]
      },
      "12": {
        "line": 432,
        "type": "if",
        "locations": [
          {"start": {"line": 432, "column": 4}, "end": {"line": 432, "column": 4}},
          {"start": {"line": 432, "column": 4}, "end": {"line": 432, "column": 4}}
        ]
      },
      "13": {
        "line": 469,
        "type": "if",
        "locations": [
          {"start": {"line": 469, "column": 4}, "end": {"line": 469, "column": 4}},
          {"start": {"line": 469, "column": 4}, "end": {"line": 469, "column": 4}}
        ]
      },
      "14": {
        "line": 473,
        "type": "if",
        "locations": [
          {"start": {"line": 473, "column": 4}, "end": {"line": 473, "column": 4}},
          {"start": {"line": 473, "column": 4}, "end": {"line": 473, "column": 4}}
        ]
      },
      "15": {
        "line": 500,
        "type": "if",
        "locations": [
          {"start": {"line": 500, "column": 4}, "end": {"line": 500, "column": 4}},
          {"start": {"line": 500, "column": 4}, "end": {"line": 500, "column": 4}}
        ]
      },
      "16": {
        "line": 517,
        "type": "if",
        "locations": [
          {"start": {"line": 517, "column": 4}, "end": {"line": 517, "column": 4}},
          {"start": {"line": 517, "column": 4}, "end": {"line": 517, "column": 4}}
        ]
      },
      "17": {
        "line": 521,
        "type": "if",
        "locations": [
          {"start": {"line": 521, "column": 4}, "end": {"line": 521, "column": 4}},
          {"start": {"line": 521, "column": 4}, "end": {"line": 521, "column": 4}}
        ]
      },
      "18": {
        "line": 577,
        "type": "if",
        "locations": [
          {"start": {"line": 577, "column": 4}, "end": {"line": 577, "column": 4}},
          {"start": {"line": 577, "column": 4}, "end": {"line": 577, "column": 4}}
        ]
      },
      "19": {
        "line": 631,
        "type": "if",
        "locations": [
          {"start": {"line": 631, "column": 4}, "end": {"line": 631, "column": 4}},
          {"start": {"line": 631, "column": 4}, "end": {"line": 631, "column": 4}}
        ]
      },
      "20": {
        "line": 635,
        "type": "if",
        "locations": [
          {"start": {"line": 635, "column": 4}, "end": {"line": 635, "column": 4}},
          {"start": {"line": 635, "column": 4}, "end": {"line": 635, "column": 4}}
        ]
      },
      "21": {
        "line": 895,
        "type": "if",
        "locations": [
          {"start": {"line": 895, "column": 4}, "end": {"line": 895, "column": 4}},
          {"start": {"line": 895, "column": 4}, "end": {"line": 895, "column": 4}}
        ]
      },
      "22": {
        "line": 904,
        "type": "if",
        "locations": [
          {"start": {"line": 904, "column": 4}, "end": {"line": 904, "column": 4}},
          {"start": {"line": 904, "column": 4}, "end": {"line": 904, "column": 4}}
        ]
      },
      "23": {
        "line": 929,
        "type": "if",
        "locations": [
          {"start": {"line": 929, "column": 4}, "end": {"line": 929, "column": 4}},
          {"start": {"line": 929, "column": 4}, "end": {"line": 929, "column": 4}}
        ]
      },
      "24": {
        "line": 951,
        "type": "if",
        "locations": [
          {"start": {"line": 951, "column": 4}, "end": {"line": 951, "column": 4}},
          {"start": {"line": 951, "column": 4}, "end": {"line": 951, "column": 4}}
        ]
      },
      "25": {
        "line": 953,
        "type": "if",
        "locations": [
          {"start": {"line": 953, "column": 6}, "end": {"line": 953, "column": 6}},
          {"start": {"line": 953, "column": 6}, "end": {"line": 953, "column": 6}}
        ]
      },
      "26": {
        "line": 956,
        "type": "if",
        "locations": [
          {"start": {"line": 956, "column": 4}, "end": {"line": 956, "column": 4}},
          {"start": {"line": 956, "column": 4}, "end": {"line": 956, "column": 4}}
        ]
      },
      "27": {
        "line": 1018,
        "type": "if",
        "locations": [
          {"start": {"line": 1018, "column": 4}, "end": {"line": 1018, "column": 4}},
          {"start": {"line": 1018, "column": 4}, "end": {"line": 1018, "column": 4}}
        ]
      }
    }
  },
  "contracts/lendingpool/LendingPoolCollateralManager.sol": {
    "l": {
      "127": 0,
      "146": 10,
      "147": 10,
      "148": 10,
      "150": 10,
      "152": 10,
      "161": 10,
      "166": 10,
      "175": 10,
      "176": 5,
      "179": 5,
      "181": 5,
      "183": 5,
      "187": 5,
      "191": 5,
      "207": 5,
      "208": 1,
      "212": 5,
      "213": 3,
      "216": 3,
      "217": 0,
      "225": 5,
      "227": 5,
      "234": 5,
      "235": 1,
      "241": 4,
      "247": 4,
      "254": 5,
      "255": 2,
      "260": 3,
      "261": 3,
      "269": 3,
      "278": 5,
      "284": 5,
      "294": 5,
      "317": 18,
      "318": 18,
      "319": 18,
      "321": 18,
      "323": 18,
      "331": 18,
      "333": 18,
      "343": 18,
      "344": 5,
      "347": 13,
      "349": 13,
      "353": 13,
      "354": 13,
      "356": 13,
      "371": 13,
      "372": 2,
      "375": 13,
      "377": 13,
      "384": 13,
      "385": 2,
      "388": 13,
      "391": 13,
      "400": 11,
      "401": 11,
      "407": 11,
      "409": 11,
      "410": 9,
      "416": 2,
      "421": 2,
      "428": 11,
      "435": 11,
      "444": 11,
      "462": 9,
      "463": 9,
      "465": 9,
      "467": 9,
      "474": 9,
      "475": 4,
      "478": 5,
      "479": 5,
      "481": 5,
      "482": 5,
      "484": 5,
      "485": 1,
      "488": 5,
      "490": 4,
      "497": 3,
      "505": 3,
      "506": 3,
      "507": 3,
      "513": 3,
      "514": 1,
      "517": 3,
      "518": 3,
      "526": 3,
      "534": 3,
      "535": 1,
      "541": 2,
      "563": 18,
      "564": 18,
      "565": 18,
      "567": 18,
      "569": 18,
      "570": 18,
      "572": 18,
      "575": 18,
      "579": 18,
      "586": 18,
      "587": 3,
      "588": 3,
      "595": 15,
      "596": 15,
      "598": 18
    },
    "path": "/src/contracts/lendingpool/LendingPoolCollateralManager.sol",
    "s": {
      "1": 0,
      "2": 10,
      "3": 10,
      "4": 10,
      "5": 10,
      "6": 10,
      "7": 10,
      "8": 10,
      "9": 10,
      "10": 5,
      "11": 5,
      "12": 5,
      "13": 5,
      "14": 5,
      "15": 5,
      "16": 5,
      "17": 1,
      "18": 5,
      "19": 3,
      "20": 3,
      "21": 0,
      "22": 5,
      "23": 5,
      "24": 5,
      "25": 1,
      "26": 4,
      "27": 4,
      "28": 5,
      "29": 2,
      "30": 3,
      "31": 3,
      "32": 3,
      "33": 5,
      "34": 5,
      "35": 5,
      "36": 18,
      "37": 18,
      "38": 18,
      "39": 18,
      "40": 18,
      "41": 18,
      "42": 18,
      "43": 18,
      "44": 5,
      "45": 13,
      "46": 13,
      "47": 13,
      "48": 13,
      "49": 13,
      "50": 13,
      "51": 2,
      "52": 13,
      "53": 13,
      "54": 13,
      "55": 2,
      "56": 13,
      "57": 13,
      "58": 11,
      "59": 11,
      "60": 11,
      "61": 11,
      "62": 9,
      "63": 2,
      "64": 2,
      "65": 11,
      "66": 11,
      "67": 11,
      "68": 9,
      "69": 9,
      "70": 9,
      "71": 9,
      "72": 9,
      "73": 4,
      "74": 5,
      "75": 5,
      "76": 5,
      "77": 5,
      "78": 5,
      "79": 1,
      "80": 5,
      "81": 4,
      "82": 3,
      "83": 3,
      "84": 3,
      "85": 3,
      "86": 3,
      "87": 1,
      "88": 3,
      "89": 3,
      "90": 3,
      "91": 3,
      "92": 1,
      "93": 2,
      "94": 18,
      "95": 18,
      "96": 18,
      "97": 18,
      "98": 18,
      "99": 18,
      "100": 18,
      "101": 18,
      "102": 18,
      "103": 18,
      "104": 3,
      "105": 3,
      "106": 15,
      "107": 15,
      "108": 18
    },
    "b": {
      "1": [5, 5],
      "2": [1, 4],
      "3": [3, 2],
      "4": [0, 3],
      "5": [1, 4],
      "6": [2, 3],
      "7": [5, 13],
      "8": [2, 11],
      "9": [2, 11],
      "10": [9, 2],
      "11": [4, 5],
      "12": [1, 4],
      "13": [3, 0],
      "14": [1, 2],
      "15": [1, 2],
      "16": [3, 15]
    },
    "f": {"1": 0, "2": 10, "3": 18, "4": 9, "5": 18},
    "fnMap": {
      "1": {
        "name": "getRevision",
        "line": 126,
        "loc": {"start": {"line": 126, "column": 2}, "end": {"line": 128, "column": 2}}
      },
      "2": {
        "name": "liquidationCall",
        "line": 139,
        "loc": {"start": {"line": 139, "column": 2}, "end": {"line": 295, "column": 2}}
      },
      "3": {
        "name": "repayWithCollateral",
        "line": 309,
        "loc": {"start": {"line": 309, "column": 2}, "end": {"line": 445, "column": 2}}
      },
      "4": {
        "name": "swapLiquidity",
        "line": 455,
        "loc": {"start": {"line": 455, "column": 2}, "end": {"line": 542, "column": 2}}
      },
      "5": {
        "name": "calculateAvailableCollateralToLiquidate",
        "line": 555,
        "loc": {"start": {"line": 555, "column": 2}, "end": {"line": 599, "column": 2}}
      }
    },
    "statementMap": {
      "1": {"start": {"line": 127, "column": 4}, "end": {"line": 127, "column": 12}},
      "2": {"start": {"line": 146, "column": 4}, "end": {"line": 146, "column": 78}},
      "3": {"start": {"line": 147, "column": 4}, "end": {"line": 147, "column": 76}},
      "4": {"start": {"line": 148, "column": 4}, "end": {"line": 148, "column": 65}},
      "5": {"start": {"line": 150, "column": 4}, "end": {"line": 150, "column": 40}},
      "6": {"start": {"line": 152, "column": 4}, "end": {"line": 152, "column": 6033}},
      "7": {"start": {"line": 161, "column": 4}, "end": {"line": 161, "column": 6330}},
      "8": {"start": {"line": 166, "column": 4}, "end": {"line": 166, "column": 6452}},
      "9": {"start": {"line": 175, "column": 4}, "end": {"line": 175, "column": 6686}},
      "10": {"start": {"line": 176, "column": 6}, "end": {"line": 176, "column": 44}},
      "11": {"start": {"line": 179, "column": 4}, "end": {"line": 179, "column": 67}},
      "12": {"start": {"line": 181, "column": 4}, "end": {"line": 181, "column": 69}},
      "13": {"start": {"line": 183, "column": 4}, "end": {"line": 183, "column": 6984}},
      "14": {"start": {"line": 187, "column": 4}, "end": {"line": 187, "column": 7148}},
      "15": {"start": {"line": 191, "column": 4}, "end": {"line": 191, "column": 7286}},
      "16": {"start": {"line": 207, "column": 4}, "end": {"line": 207, "column": 7770}},
      "17": {"start": {"line": 208, "column": 6}, "end": {"line": 208, "column": 62}},
      "18": {"start": {"line": 212, "column": 4}, "end": {"line": 212, "column": 8027}},
      "19": {"start": {"line": 213, "column": 6}, "end": {"line": 213, "column": 8058}},
      "20": {"start": {"line": 216, "column": 6}, "end": {"line": 216, "column": 8178}},
      "21": {"start": {"line": 217, "column": 8}, "end": {"line": 217, "column": 8255}},
      "22": {"start": {"line": 225, "column": 4}, "end": {"line": 225, "column": 33}},
      "23": {"start": {"line": 227, "column": 4}, "end": {"line": 227, "column": 8484}},
      "24": {"start": {"line": 234, "column": 4}, "end": {"line": 234, "column": 8633}},
      "25": {"start": {"line": 235, "column": 6}, "end": {"line": 235, "column": 8702}},
      "26": {"start": {"line": 241, "column": 6}, "end": {"line": 241, "column": 8895}},
      "27": {"start": {"line": 247, "column": 6}, "end": {"line": 247, "column": 9069}},
      "28": {"start": {"line": 254, "column": 4}, "end": {"line": 254, "column": 9311}},
      "29": {"start": {"line": 255, "column": 6}, "end": {"line": 255, "column": 97}},
      "30": {"start": {"line": 260, "column": 6}, "end": {"line": 260, "column": 36}},
      "31": {"start": {"line": 261, "column": 6}, "end": {"line": 261, "column": 9577}},
      "32": {"start": {"line": 269, "column": 6}, "end": {"line": 269, "column": 9786}},
      "33": {"start": {"line": 278, "column": 4}, "end": {"line": 278, "column": 9999}},
      "34": {"start": {"line": 284, "column": 4}, "end": {"line": 284, "column": 10139}},
      "35": {"start": {"line": 294, "column": 4}, "end": {"line": 294, "column": 79}},
      "36": {"start": {"line": 317, "column": 4}, "end": {"line": 317, "column": 78}},
      "37": {"start": {"line": 318, "column": 4}, "end": {"line": 318, "column": 71}},
      "38": {"start": {"line": 319, "column": 4}, "end": {"line": 319, "column": 65}},
      "39": {"start": {"line": 321, "column": 4}, "end": {"line": 321, "column": 40}},
      "40": {"start": {"line": 323, "column": 4}, "end": {"line": 323, "column": 11674}},
      "41": {"start": {"line": 331, "column": 4}, "end": {"line": 331, "column": 95}},
      "42": {"start": {"line": 333, "column": 4}, "end": {"line": 333, "column": 11972}},
      "43": {"start": {"line": 343, "column": 4}, "end": {"line": 343, "column": 12217}},
      "44": {"start": {"line": 344, "column": 6}, "end": {"line": 344, "column": 44}},
      "45": {"start": {"line": 347, "column": 4}, "end": {"line": 347, "column": 86}},
      "46": {"start": {"line": 349, "column": 4}, "end": {"line": 349, "column": 12479}},
      "47": {"start": {"line": 353, "column": 4}, "end": {"line": 353, "column": 67}},
      "48": {"start": {"line": 354, "column": 4}, "end": {"line": 354, "column": 69}},
      "49": {"start": {"line": 356, "column": 4}, "end": {"line": 356, "column": 12761}},
      "50": {"start": {"line": 371, "column": 4}, "end": {"line": 371, "column": 13239}},
      "51": {"start": {"line": 372, "column": 6}, "end": {"line": 372, "column": 62}},
      "52": {"start": {"line": 375, "column": 4}, "end": {"line": 375, "column": 34}},
      "53": {"start": {"line": 377, "column": 4}, "end": {"line": 377, "column": 13459}},
      "54": {"start": {"line": 384, "column": 4}, "end": {"line": 384, "column": 13603}},
      "55": {"start": {"line": 385, "column": 6}, "end": {"line": 385, "column": 73}},
      "56": {"start": {"line": 388, "column": 4}, "end": {"line": 388, "column": 51}},
      "57": {"start": {"line": 391, "column": 4}, "end": {"line": 391, "column": 13905}},
      "58": {"start": {"line": 400, "column": 4}, "end": {"line": 400, "column": 28}},
      "59": {"start": {"line": 401, "column": 4}, "end": {"line": 401, "column": 14123}},
      "60": {"start": {"line": 407, "column": 4}, "end": {"line": 407, "column": 95}},
      "61": {"start": {"line": 409, "column": 4}, "end": {"line": 409, "column": 14355}},
      "62": {"start": {"line": 410, "column": 6}, "end": {"line": 410, "column": 14424}},
      "63": {"start": {"line": 416, "column": 6}, "end": {"line": 416, "column": 14607}},
      "64": {"start": {"line": 421, "column": 6}, "end": {"line": 421, "column": 14770}},
      "65": {"start": {"line": 428, "column": 4}, "end": {"line": 428, "column": 14959}},
      "66": {"start": {"line": 435, "column": 4}, "end": {"line": 435, "column": 15112}},
      "67": {"start": {"line": 444, "column": 4}, "end": {"line": 444, "column": 79}},
      "68": {"start": {"line": 462, "column": 4}, "end": {"line": 462, "column": 71}},
      "69": {"start": {"line": 463, "column": 4}, "end": {"line": 463, "column": 67}},
      "70": {"start": {"line": 465, "column": 4}, "end": {"line": 465, "column": 38}},
      "71": {"start": {"line": 467, "column": 4}, "end": {"line": 467, "column": 16281}},
      "72": {"start": {"line": 474, "column": 4}, "end": {"line": 474, "column": 16433}},
      "73": {"start": {"line": 475, "column": 6}, "end": {"line": 475, "column": 44}},
      "74": {"start": {"line": 478, "column": 4}, "end": {"line": 478, "column": 62}},
      "75": {"start": {"line": 479, "column": 4}, "end": {"line": 479, "column": 58}},
      "76": {"start": {"line": 481, "column": 4}, "end": {"line": 481, "column": 28}},
      "77": {"start": {"line": 482, "column": 4}, "end": {"line": 482, "column": 26}},
      "78": {"start": {"line": 484, "column": 4}, "end": {"line": 484, "column": 16775}},
      "79": {"start": {"line": 485, "column": 6}, "end": {"line": 485, "column": 73}},
      "80": {"start": {"line": 488, "column": 4}, "end": {"line": 488, "column": 95}},
      "81": {"start": {"line": 490, "column": 4}, "end": {"line": 490, "column": 17029}},
      "82": {"start": {"line": 497, "column": 4}, "end": {"line": 497, "column": 17256}},
      "83": {"start": {"line": 505, "column": 4}, "end": {"line": 505, "column": 68}},
      "84": {"start": {"line": 506, "column": 4}, "end": {"line": 506, "column": 17473}},
      "85": {"start": {"line": 507, "column": 6}, "end": {"line": 507, "column": 17514}},
      "86": {"start": {"line": 513, "column": 6}, "end": {"line": 513, "column": 17653}},
      "87": {"start": {"line": 514, "column": 8}, "end": {"line": 514, "column": 72}},
      "88": {"start": {"line": 517, "column": 6}, "end": {"line": 517, "column": 90}},
      "89": {"start": {"line": 518, "column": 6}, "end": {"line": 518, "column": 17891}},
      "90": {"start": {"line": 526, "column": 4}, "end": {"line": 526, "column": 18036}},
      "91": {"start": {"line": 534, "column": 4}, "end": {"line": 534, "column": 18247}},
      "92": {"start": {"line": 535, "column": 6}, "end": {"line": 535, "column": 18332}},
      "93": {"start": {"line": 541, "column": 4}, "end": {"line": 541, "column": 79}},
      "94": {"start": {"line": 563, "column": 4}, "end": {"line": 563, "column": 32}},
      "95": {"start": {"line": 564, "column": 4}, "end": {"line": 564, "column": 37}},
      "96": {"start": {"line": 565, "column": 4}, "end": {"line": 565, "column": 87}},
      "97": {"start": {"line": 567, "column": 4}, "end": {"line": 567, "column": 55}},
      "98": {"start": {"line": 569, "column": 4}, "end": {"line": 569, "column": 65}},
      "99": {"start": {"line": 570, "column": 4}, "end": {"line": 570, "column": 71}},
      "100": {"start": {"line": 572, "column": 4}, "end": {"line": 572, "column": 20103}},
      "101": {"start": {"line": 575, "column": 4}, "end": {"line": 575, "column": 72}},
      "102": {"start": {"line": 579, "column": 4}, "end": {"line": 579, "column": 20496}},
      "103": {"start": {"line": 586, "column": 4}, "end": {"line": 586, "column": 20713}},
      "104": {"start": {"line": 587, "column": 6}, "end": {"line": 587, "column": 45}},
      "105": {"start": {"line": 588, "column": 6}, "end": {"line": 588, "column": 20871}},
      "106": {"start": {"line": 595, "column": 6}, "end": {"line": 595, "column": 59}},
      "107": {"start": {"line": 596, "column": 6}, "end": {"line": 596, "column": 43}},
      "108": {"start": {"line": 598, "column": 4}, "end": {"line": 598, "column": 52}}
    },
    "branchMap": {
      "1": {
        "line": 175,
        "type": "if",
        "locations": [
          {"start": {"line": 175, "column": 4}, "end": {"line": 175, "column": 4}},
          {"start": {"line": 175, "column": 4}, "end": {"line": 175, "column": 4}}
        ]
      },
      "2": {
        "line": 207,
        "type": "if",
        "locations": [
          {"start": {"line": 207, "column": 4}, "end": {"line": 207, "column": 4}},
          {"start": {"line": 207, "column": 4}, "end": {"line": 207, "column": 4}}
        ]
      },
      "3": {
        "line": 212,
        "type": "if",
        "locations": [
          {"start": {"line": 212, "column": 4}, "end": {"line": 212, "column": 4}},
          {"start": {"line": 212, "column": 4}, "end": {"line": 212, "column": 4}}
        ]
      },
      "4": {
        "line": 216,
        "type": "if",
        "locations": [
          {"start": {"line": 216, "column": 6}, "end": {"line": 216, "column": 6}},
          {"start": {"line": 216, "column": 6}, "end": {"line": 216, "column": 6}}
        ]
      },
      "5": {
        "line": 234,
        "type": "if",
        "locations": [
          {"start": {"line": 234, "column": 4}, "end": {"line": 234, "column": 4}},
          {"start": {"line": 234, "column": 4}, "end": {"line": 234, "column": 4}}
        ]
      },
      "6": {
        "line": 254,
        "type": "if",
        "locations": [
          {"start": {"line": 254, "column": 4}, "end": {"line": 254, "column": 4}},
          {"start": {"line": 254, "column": 4}, "end": {"line": 254, "column": 4}}
        ]
      },
      "7": {
        "line": 343,
        "type": "if",
        "locations": [
          {"start": {"line": 343, "column": 4}, "end": {"line": 343, "column": 4}},
          {"start": {"line": 343, "column": 4}, "end": {"line": 343, "column": 4}}
        ]
      },
      "8": {
        "line": 371,
        "type": "if",
        "locations": [
          {"start": {"line": 371, "column": 4}, "end": {"line": 371, "column": 4}},
          {"start": {"line": 371, "column": 4}, "end": {"line": 371, "column": 4}}
        ]
      },
      "9": {
        "line": 384,
        "type": "if",
        "locations": [
          {"start": {"line": 384, "column": 4}, "end": {"line": 384, "column": 4}},
          {"start": {"line": 384, "column": 4}, "end": {"line": 384, "column": 4}}
        ]
      },
      "10": {
        "line": 409,
        "type": "if",
        "locations": [
          {"start": {"line": 409, "column": 4}, "end": {"line": 409, "column": 4}},
          {"start": {"line": 409, "column": 4}, "end": {"line": 409, "column": 4}}
        ]
      },
      "11": {
        "line": 474,
        "type": "if",
        "locations": [
          {"start": {"line": 474, "column": 4}, "end": {"line": 474, "column": 4}},
          {"start": {"line": 474, "column": 4}, "end": {"line": 474, "column": 4}}
        ]
      },
      "12": {
        "line": 484,
        "type": "if",
        "locations": [
          {"start": {"line": 484, "column": 4}, "end": {"line": 484, "column": 4}},
          {"start": {"line": 484, "column": 4}, "end": {"line": 484, "column": 4}}
        ]
      },
      "13": {
        "line": 506,
        "type": "if",
        "locations": [
          {"start": {"line": 506, "column": 4}, "end": {"line": 506, "column": 4}},
          {"start": {"line": 506, "column": 4}, "end": {"line": 506, "column": 4}}
        ]
      },
      "14": {
        "line": 513,
        "type": "if",
        "locations": [
          {"start": {"line": 513, "column": 6}, "end": {"line": 513, "column": 6}},
          {"start": {"line": 513, "column": 6}, "end": {"line": 513, "column": 6}}
        ]
      },
      "15": {
        "line": 534,
        "type": "if",
        "locations": [
          {"start": {"line": 534, "column": 4}, "end": {"line": 534, "column": 4}},
          {"start": {"line": 534, "column": 4}, "end": {"line": 534, "column": 4}}
        ]
      },
      "16": {
        "line": 586,
        "type": "if",
        "locations": [
          {"start": {"line": 586, "column": 4}, "end": {"line": 586, "column": 4}},
          {"start": {"line": 586, "column": 4}, "end": {"line": 586, "column": 4}}
        ]
      }
    }
  },
  "contracts/lendingpool/LendingPoolConfigurator.sol": {
    "l": {
      "187": 124,
      "188": 105,
      "194": 1,
      "198": 1,
      "199": 1,
      "219": 17,
      "221": 17,
      "226": 17,
      "231": 17,
      "239": 17,
      "241": 17,
      "243": 17,
      "244": 17,
      "246": 17,
      "248": 17,
      "263": 1,
      "265": 1,
      "267": 1,
      "276": 1,
      "278": 1,
      "280": 1,
      "289": 1,
      "291": 1,
      "293": 1,
      "305": 18,
      "307": 18,
      "308": 18,
      "310": 18,
      "312": 18,
      "320": 1,
      "322": 1,
      "324": 1,
      "325": 1,
      "341": 14,
      "343": 14,
      "344": 14,
      "345": 14,
      "347": 14,
      "349": 14,
      "357": 1,
      "359": 1,
      "361": 1,
      "363": 1,
      "371": 1,
      "373": 1,
      "375": 1,
      "377": 1,
      "385": 1,
      "387": 1,
      "389": 1,
      "391": 1,
      "399": 7,
      "401": 7,
      "403": 7,
      "405": 7,
      "413": 8,
      "425": 8,
      "430": 7,
      "432": 7,
      "434": 7,
      "436": 7,
      "444": 2,
      "446": 2,
      "448": 2,
      "450": 2,
      "458": 2,
      "460": 2,
      "462": 2,
      "464": 2,
      "473": 1,
      "475": 1,
      "477": 1,
      "479": 1,
      "488": 1,
      "490": 1,
      "492": 1,
      "494": 1,
      "504": 1,
      "506": 1,
      "508": 1,
      "510": 1,
      "519": 1,
      "521": 1,
      "523": 1,
      "525": 1,
      "534": 0,
      "536": 0,
      "538": 0,
      "540": 0,
      "552": 0,
      "553": 0,
      "562": 51,
      "564": 51,
      "571": 51,
      "573": 51,
      "581": 3,
      "585": 3,
      "587": 3,
      "594": 3,
      "602": 26
    },
    "path": "/src/contracts/lendingpool/LendingPoolConfigurator.sol",
    "s": {
      "1": 124,
      "2": 1,
      "3": 1,
      "4": 1,
      "5": 17,
      "6": 17,
      "7": 17,
      "8": 17,
      "9": 17,
      "10": 17,
      "11": 17,
      "12": 17,
      "13": 17,
      "14": 17,
      "15": 1,
      "16": 1,
      "17": 1,
      "18": 1,
      "19": 1,
      "20": 1,
      "21": 1,
      "22": 1,
      "23": 1,
      "24": 18,
      "25": 18,
      "26": 18,
      "27": 18,
      "28": 18,
      "29": 1,
      "30": 1,
      "31": 1,
      "32": 1,
      "33": 14,
      "34": 14,
      "35": 14,
      "36": 14,
      "37": 14,
      "38": 14,
      "39": 1,
      "40": 1,
      "41": 1,
      "42": 1,
      "43": 1,
      "44": 1,
      "45": 1,
      "46": 1,
      "47": 1,
      "48": 1,
      "49": 1,
      "50": 1,
      "51": 7,
      "52": 7,
      "53": 7,
      "54": 7,
      "55": 8,
      "56": 8,
      "57": 7,
      "58": 7,
      "59": 7,
      "60": 7,
      "61": 2,
      "62": 2,
      "63": 2,
      "64": 2,
      "65": 2,
      "66": 2,
      "67": 2,
      "68": 2,
      "69": 1,
      "70": 1,
      "71": 1,
      "72": 1,
      "73": 1,
      "74": 1,
      "75": 1,
      "76": 1,
      "77": 1,
      "78": 1,
      "79": 1,
      "80": 1,
      "81": 1,
      "82": 1,
      "83": 1,
      "84": 1,
      "85": 0,
      "86": 0,
      "87": 0,
      "88": 0,
      "89": 0,
      "90": 0,
      "91": 51,
      "92": 51,
      "93": 51,
      "94": 51,
      "95": 3,
      "96": 3,
      "97": 3,
      "98": 3,
      "99": 26
    },
    "b": {"1": [105, 19], "2": [7, 1]},
    "f": {
      "1": 124,
      "2": 1,
      "3": 1,
      "4": 17,
      "5": 1,
      "6": 1,
      "7": 1,
      "8": 18,
      "9": 1,
      "10": 14,
      "11": 1,
      "12": 1,
      "13": 1,
      "14": 7,
      "15": 8,
      "16": 2,
      "17": 2,
      "18": 1,
      "19": 1,
      "20": 1,
      "21": 1,
      "22": 0,
      "23": 0,
      "24": 51,
      "25": 3,
      "26": 26
    },
    "fnMap": {
      "1": {
        "name": "onlyAaveAdmin",
        "line": 186,
        "loc": {"start": {"line": 186, "column": 2}, "end": {"line": 189, "column": 2}}
      },
      "2": {
        "name": "getRevision",
        "line": 193,
        "loc": {"start": {"line": 193, "column": 2}, "end": {"line": 195, "column": 2}}
      },
      "3": {
        "name": "initialize",
        "line": 197,
        "loc": {"start": {"line": 197, "column": 2}, "end": {"line": 200, "column": 2}}
      },
      "4": {
        "name": "initReserve",
        "line": 218,
        "loc": {"start": {"line": 211, "column": 2}, "end": {"line": 255, "column": 2}}
      },
      "5": {
        "name": "updateAToken",
        "line": 262,
        "loc": {"start": {"line": 262, "column": 2}, "end": {"line": 268, "column": 2}}
      },
      "6": {
        "name": "updateStableDebtToken",
        "line": 275,
        "loc": {"start": {"line": 275, "column": 2}, "end": {"line": 281, "column": 2}}
      },
      "7": {
        "name": "updateVariableDebtToken",
        "line": 288,
        "loc": {"start": {"line": 288, "column": 2}, "end": {"line": 294, "column": 2}}
      },
      "8": {
        "name": "enableBorrowingOnReserve",
        "line": 303,
        "loc": {"start": {"line": 301, "column": 2}, "end": {"line": 313, "column": 2}}
      },
      "9": {
        "name": "disableBorrowingOnReserve",
        "line": 319,
        "loc": {"start": {"line": 319, "column": 2}, "end": {"line": 326, "column": 2}}
      },
      "10": {
        "name": "enableReserveAsCollateral",
        "line": 340,
        "loc": {"start": {"line": 335, "column": 2}, "end": {"line": 350, "column": 2}}
      },
      "11": {
[...]
      "6": {
        "line": 203,
        "type": "if",
        "locations": [
          {"start": {"line": 203, "column": 4}, "end": {"line": 203, "column": 4}},
          {"start": {"line": 203, "column": 4}, "end": {"line": 203, "column": 4}}
        ]
      },
      "7": {
        "line": 209,
        "type": "if",
        "locations": [
          {"start": {"line": 209, "column": 4}, "end": {"line": 209, "column": 4}},
          {"start": {"line": 209, "column": 4}, "end": {"line": 209, "column": 4}}
        ]
      },
      "8": {
        "line": 219,
        "type": "if",
        "locations": [
          {"start": {"line": 219, "column": 4}, "end": {"line": 219, "column": 4}},
          {"start": {"line": 219, "column": 4}, "end": {"line": 219, "column": 4}}
        ]
      },
      "9": {
        "line": 229,
        "type": "if",
        "locations": [
          {"start": {"line": 229, "column": 4}, "end": {"line": 229, "column": 4}},
          {"start": {"line": 229, "column": 4}, "end": {"line": 229, "column": 4}}
        ]
      },
      "10": {
        "line": 230,
        "type": "if",
        "locations": [
          {"start": {"line": 230, "column": 4}, "end": {"line": 230, "column": 4}},
          {"start": {"line": 230, "column": 4}, "end": {"line": 230, "column": 4}}
        ]
      }
    }
  },
  "contracts/tokenization/interfaces/IAToken.sol": {
    "l": {},
    "path": "/src/contracts/tokenization/interfaces/IAToken.sol",
    "s": {},
    "b": {},
    "f": {},
    "fnMap": {},
    "statementMap": {},
    "branchMap": {}
  },
  "contracts/tokenization/interfaces/IScaledBalanceToken.sol": {
    "l": {},
    "path": "/src/contracts/tokenization/interfaces/IScaledBalanceToken.sol",
    "s": {},
    "b": {},
    "f": {},
    "fnMap": {},
    "statementMap": {},
    "branchMap": {}
  },
  "contracts/tokenization/interfaces/IStableDebtToken.sol": {
    "l": {},
    "path": "/src/contracts/tokenization/interfaces/IStableDebtToken.sol",
    "s": {},
    "b": {},
    "f": {},
    "fnMap": {},
    "statementMap": {},
    "branchMap": {}
  },
  "contracts/tokenization/interfaces/IVariableDebtToken.sol": {
    "l": {},
    "path": "/src/contracts/tokenization/interfaces/IVariableDebtToken.sol",
    "s": {},
    "b": {},
    "f": {},
    "fnMap": {},
    "statementMap": {},
    "branchMap": {}
  },
  "contracts/tokenization/StableDebtToken.sol": {
    "l": {
      "39": 17,
      "47": 363,
      "55": 343,
      "64": 343,
      "72": 488,
      "73": 488,
      "74": 488,
      "75": 366,
      "77": 122,
      "81": 122,
      "104": 27,
      "107": 27,
      "114": 27,
      "115": 27,
      "116": 27,
      "118": 27,
      "121": 27,
      "126": 27,
      "127": 27,
      "131": 27,
      "134": 27,
      "139": 27,
      "142": 27,
      "144": 27,
      "160": 17,
      "167": 17,
      "173": 17,
      "174": 8,
      "175": 8,
      "177": 9,
      "178": 9,
      "184": 17,
      "185": 11,
      "186": 11,
      "190": 6,
      "193": 17,
      "195": 17,
      "196": 0,
      "198": 17,
      "202": 17,
      "204": 17,
      "222": 44,
      "224": 44,
      "225": 22,
      "229": 22,
      "231": 22,
      "242": 331,
      "243": 331,
      "250": 235,
      "251": 235,
      "258": 414,
      "265": 331,
      "274": 343,
      "284": 980,
      "286": 980,
      "287": 781,
      "290": 199,
      "295": 199,
      "306": 27,
      "307": 27,
      "309": 27,
      "310": 0,
      "322": 17,
      "323": 17,
      "325": 17,
      "326": 0
    },
    "path": "/src/contracts/tokenization/StableDebtToken.sol",
    "s": {
      "1": 17,
      "2": 363,
      "3": 343,
      "4": 343,
      "5": 488,
      "6": 488,
      "7": 488,
      "8": 366,
      "9": 122,
      "10": 122,
      "11": 27,
      "12": 27,
      "13": 27,
      "14": 27,
      "15": 27,
      "16": 27,
      "17": 27,
      "18": 27,
      "19": 27,
      "20": 27,
      "21": 27,
      "22": 27,
      "23": 27,
      "24": 27,
      "25": 17,
      "26": 17,
      "27": 17,
      "28": 8,
      "29": 8,
      "30": 9,
      "31": 9,
      "32": 17,
      "33": 11,
      "34": 11,
      "35": 6,
      "36": 17,
      "37": 17,
      "38": 0,
      "39": 17,
      "40": 17,
      "41": 17,
      "42": 44,
      "43": 44,
      "44": 22,
      "45": 22,
      "46": 22,
      "47": 331,
      "48": 331,
      "49": 235,
      "50": 235,
      "51": 414,
      "52": 331,
      "53": 343,
      "54": 980,
      "55": 980,
      "56": 781,
      "57": 199,
      "58": 199,
      "59": 27,
      "60": 27,
      "61": 27,
      "62": 0,
      "63": 17,
      "64": 17,
      "65": 17,
      "66": 0
    },
    "b": {
      "1": [366, 122],
      "2": [27, 0],
      "3": [8, 9],
      "4": [11, 6],
      "5": [0, 17],
      "6": [22, 22],
      "7": [781, 199],
      "8": [0, 27],
      "9": [0, 17]
    },
    "f": {
      "1": 54,
      "2": 17,
      "3": 363,
      "4": 343,
      "5": 343,
      "6": 488,
      "7": 27,
      "8": 17,
      "9": 44,
      "10": 331,
      "11": 235,
      "12": 414,
      "13": 331,
      "14": 343,
      "15": 980,
      "16": 27,
      "17": 17
    },
    "fnMap": {
      "1": {
        "name": "constructor",
        "line": 32,
        "loc": {"start": {"line": 26, "column": 2}, "end": {"line": 32, "column": 85}}
      },
      "2": {
        "name": "getRevision",
        "line": 38,
        "loc": {"start": {"line": 38, "column": 2}, "end": {"line": 40, "column": 2}}
      },
      "3": {
        "name": "getAverageStableRate",
        "line": 46,
        "loc": {"start": {"line": 46, "column": 2}, "end": {"line": 48, "column": 2}}
      },
      "4": {
        "name": "getUserLastUpdated",
        "line": 54,
        "loc": {"start": {"line": 54, "column": 2}, "end": {"line": 56, "column": 2}}
      },
      "5": {
        "name": "getUserStableRate",
        "line": 63,
        "loc": {"start": {"line": 63, "column": 2}, "end": {"line": 65, "column": 2}}
      },
      "6": {
        "name": "balanceOf",
        "line": 71,
        "loc": {"start": {"line": 71, "column": 2}, "end": {"line": 82, "column": 2}}
      },
      "7": {
        "name": "mint",
        "line": 103,
        "loc": {"start": {"line": 99, "column": 2}, "end": {"line": 152, "column": 2}}
      },
      "8": {
        "name": "burn",
        "line": 159,
        "loc": {"start": {"line": 159, "column": 2}, "end": {"line": 205, "column": 2}}
      },
      "9": {
        "name": "_calculateBalanceIncrease",
        "line": 213,
        "loc": {"start": {"line": 213, "column": 2}, "end": {"line": 236, "column": 2}}
      },
      "10": {
        "name": "getSupplyData",
        "line": 241,
        "loc": {"start": {"line": 241, "column": 2}, "end": {"line": 244, "column": 2}}
      },
      "11": {
        "name": "getTotalSupplyAndAvgRate",
        "line": 249,
        "loc": {"start": {"line": 249, "column": 2}, "end": {"line": 252, "column": 2}}
      },
      "12": {
        "name": "totalSupply",
        "line": 257,
        "loc": {"start": {"line": 257, "column": 2}, "end": {"line": 259, "column": 2}}
      },
      "13": {
        "name": "getTotalSupplyLastUpdated",
        "line": 264,
        "loc": {"start": {"line": 264, "column": 2}, "end": {"line": 266, "column": 2}}
      },
      "14": {
        "name": "principalBalanceOf",
        "line": 273,
        "loc": {"start": {"line": 273, "column": 2}, "end": {"line": 275, "column": 2}}
      },
      "15": {
        "name": "_calcTotalSupply",
        "line": 283,
        "loc": {"start": {"line": 283, "column": 2}, "end": {"line": 296, "column": 2}}
      },
      "16": {
        "name": "_mint",
        "line": 304,
        "loc": {"start": {"line": 304, "column": 3}, "end": {"line": 312, "column": 2}}
      },
      "17": {
        "name": "_burn",
        "line": 320,
        "loc": {"start": {"line": 320, "column": 2}, "end": {"line": 328, "column": 2}}
      }
    },
    "statementMap": {
      "1": {"start": {"line": 39, "column": 4}, "end": {"line": 39, "column": 30}},
      "2": {"start": {"line": 47, "column": 4}, "end": {"line": 47, "column": 25}},
      "3": {"start": {"line": 55, "column": 4}, "end": {"line": 55, "column": 28}},
      "4": {"start": {"line": 64, "column": 4}, "end": {"line": 64, "column": 27}},
      "5": {"start": {"line": 72, "column": 4}, "end": {"line": 72, "column": 53}},
      "6": {"start": {"line": 73, "column": 4}, "end": {"line": 73, "column": 44}},
      "7": {"start": {"line": 74, "column": 4}, "end": {"line": 74, "column": 2428}},
      "8": {"start": {"line": 75, "column": 6}, "end": {"line": 75, "column": 14}},
      "9": {"start": {"line": 77, "column": 4}, "end": {"line": 77, "column": 2482}},
      "10": {"start": {"line": 81, "column": 4}, "end": {"line": 81, "column": 51}},
      "11": {"start": {"line": 104, "column": 4}, "end": {"line": 104, "column": 29}},
      "12": {"start": {"line": 107, "column": 4}, "end": {"line": 107, "column": 3360}},
      "13": {"start": {"line": 114, "column": 4}, "end": {"line": 114, "column": 38}},
      "14": {"start": {"line": 115, "column": 4}, "end": {"line": 115, "column": 45}},
      "15": {"start": {"line": 116, "column": 4}, "end": {"line": 116, "column": 67}},
      "16": {"start": {"line": 118, "column": 4}, "end": {"line": 118, "column": 39}},
      "17": {"start": {"line": 121, "column": 4}, "end": {"line": 121, "column": 3848}},
      "18": {"start": {"line": 126, "column": 4}, "end": {"line": 126, "column": 79}},
      "19": {"start": {"line": 127, "column": 4}, "end": {"line": 127, "column": 40}},
      "20": {"start": {"line": 131, "column": 4}, "end": {"line": 131, "column": 70}},
      "21": {"start": {"line": 134, "column": 4}, "end": {"line": 134, "column": 4342}},
      "22": {"start": {"line": 139, "column": 4}, "end": {"line": 139, "column": 64}},
      "23": {"start": {"line": 142, "column": 4}, "end": {"line": 142, "column": 43}},
      "24": {"start": {"line": 144, "column": 4}, "end": {"line": 144, "column": 4640}},
      "25": {"start": {"line": 160, "column": 4}, "end": {"line": 160, "column": 5054}},
      "26": {"start": {"line": 167, "column": 4}, "end": {"line": 167, "column": 42}},
      "27": {"start": {"line": 173, "column": 4}, "end": {"line": 173, "column": 5510}},
      "28": {"start": {"line": 174, "column": 6}, "end": {"line": 174, "column": 23}},
      "29": {"start": {"line": 175, "column": 6}, "end": {"line": 175, "column": 21}},
      "30": {"start": {"line": 177, "column": 7}, "end": {"line": 177, "column": 69}},
      "31": {"start": {"line": 178, "column": 6}, "end": {"line": 178, "column": 5715}},
      "32": {"start": {"line": 184, "column": 4}, "end": {"line": 184, "column": 5865}},
      "33": {"start": {"line": 185, "column": 6}, "end": {"line": 185, "column": 25}},
      "34": {"start": {"line": 186, "column": 6}, "end": {"line": 186, "column": 26}},
      "35": {"start": {"line": 190, "column": 6}, "end": {"line": 190, "column": 48}},
      "36": {"start": {"line": 193, "column": 4}, "end": {"line": 193, "column": 50}},
      "37": {"start": {"line": 195, "column": 4}, "end": {"line": 195, "column": 6147}},
      "38": {"start": {"line": 196, "column": 6}, "end": {"line": 196, "column": 61}},
      "39": {"start": {"line": 198, "column": 6}, "end": {"line": 198, "column": 61}},
      "40": {"start": {"line": 202, "column": 4}, "end": {"line": 202, "column": 43}},
      "41": {"start": {"line": 204, "column": 4}, "end": {"line": 204, "column": 81}},
      "42": {"start": {"line": 222, "column": 4}, "end": {"line": 222, "column": 60}},
      "43": {"start": {"line": 224, "column": 4}, "end": {"line": 224, "column": 7006}},
      "44": {"start": {"line": 225, "column": 6}, "end": {"line": 225, "column": 22}},
      "45": {"start": {"line": 229, "column": 4}, "end": {"line": 229, "column": 75}},
      "46": {"start": {"line": 231, "column": 4}, "end": {"line": 231, "column": 7228}},
      "47": {"start": {"line": 242, "column": 4}, "end": {"line": 242, "column": 36}},
      "48": {"start": {"line": 243, "column": 4}, "end": {"line": 243, "column": 91}},
      "49": {"start": {"line": 250, "column": 4}, "end": {"line": 250, "column": 36}},
      "50": {"start": {"line": 251, "column": 4}, "end": {"line": 251, "column": 47}},
      "51": {"start": {"line": 258, "column": 4}, "end": {"line": 258, "column": 43}},
      "52": {"start": {"line": 265, "column": 4}, "end": {"line": 265, "column": 32}},
      "53": {"start": {"line": 274, "column": 4}, "end": {"line": 274, "column": 32}},
      "54": {"start": {"line": 284, "column": 4}, "end": {"line": 284, "column": 49}},
      "55": {"start": {"line": 286, "column": 4}, "end": {"line": 286, "column": 8975}},
      "56": {"start": {"line": 287, "column": 6}, "end": {"line": 287, "column": 14}},
      "57": {"start": {"line": 290, "column": 4}, "end": {"line": 290, "column": 9031}},
      "58": {"start": {"line": 295, "column": 4}, "end": {"line": 295, "column": 52}},
      "59": {"start": {"line": 306, "column": 4}, "end": {"line": 306, "column": 50}},
      "60": {"start": {"line": 307, "column": 4}, "end": {"line": 307, "column": 53}},
      "61": {"start": {"line": 309, "column": 4}, "end": {"line": 309, "column": 9637}},
      "62": {"start": {"line": 310, "column": 6}, "end": {"line": 310, "column": 83}},
      "63": {"start": {"line": 322, "column": 4}, "end": {"line": 322, "column": 50}},
      "64": {"start": {"line": 323, "column": 4}, "end": {"line": 323, "column": 91}},
      "65": {"start": {"line": 325, "column": 4}, "end": {"line": 325, "column": 10249}},
      "66": {"start": {"line": 326, "column": 6}, "end": {"line": 326, "column": 83}}
    },
    "branchMap": {
      "1": {
        "line": 74,
        "type": "if",
        "locations": [
          {"start": {"line": 74, "column": 4}, "end": {"line": 74, "column": 4}},
          {"start": {"line": 74, "column": 4}, "end": {"line": 74, "column": 4}}
        ]
      },
      "2": {
        "line": 126,
        "type": "if",
        "locations": [
          {"start": {"line": 126, "column": 4}, "end": {"line": 126, "column": 4}},
          {"start": {"line": 126, "column": 4}, "end": {"line": 126, "column": 4}}
        ]
      },
      "3": {
        "line": 173,
        "type": "if",
        "locations": [
          {"start": {"line": 173, "column": 4}, "end": {"line": 173, "column": 4}},
          {"start": {"line": 173, "column": 4}, "end": {"line": 173, "column": 4}}
        ]
      },
      "4": {
        "line": 184,
        "type": "if",
        "locations": [
          {"start": {"line": 184, "column": 4}, "end": {"line": 184, "column": 4}},
          {"start": {"line": 184, "column": 4}, "end": {"line": 184, "column": 4}}
        ]
      },
      "5": {
        "line": 195,
        "type": "if",
        "locations": [
          {"start": {"line": 195, "column": 4}, "end": {"line": 195, "column": 4}},
          {"start": {"line": 195, "column": 4}, "end": {"line": 195, "column": 4}}
        ]
      },
      "6": {
        "line": 224,
        "type": "if",
        "locations": [
          {"start": {"line": 224, "column": 4}, "end": {"line": 224, "column": 4}},
          {"start": {"line": 224, "column": 4}, "end": {"line": 224, "column": 4}}
        ]
      },
      "7": {
        "line": 286,
        "type": "if",
        "locations": [
          {"start": {"line": 286, "column": 4}, "end": {"line": 286, "column": 4}},
          {"start": {"line": 286, "column": 4}, "end": {"line": 286, "column": 4}}
        ]
      },
      "8": {
        "line": 309,
        "type": "if",
        "locations": [
          {"start": {"line": 309, "column": 4}, "end": {"line": 309, "column": 4}},
          {"start": {"line": 309, "column": 4}, "end": {"line": 309, "column": 4}}
        ]
      },
      "9": {
        "line": 325,
        "type": "if",
        "locations": [
          {"start": {"line": 325, "column": 4}, "end": {"line": 325, "column": 4}},
          {"start": {"line": 325, "column": 4}, "end": {"line": 325, "column": 4}}
        ]
      }
    }
  },
  "contracts/tokenization/VariableDebtToken.sol": {
    "l": {
      "34": 17,
      "42": 460,
      "44": 460,
      "45": 323,
      "48": 137,
      "63": 26,
      "65": 26,
      "66": 26,
      "79": 25,
      "81": 25,
      "82": 25,
      "90": 343,
      "98": 673,
      "106": 331,
      "116": 0
    },
    "path": "/src/contracts/tokenization/VariableDebtToken.sol",
    "s": {
      "1": 17,
      "2": 460,
      "3": 460,
      "4": 323,
      "5": 137,
      "6": 26,
      "7": 26,
      "8": 26,
      "9": 25,
      "10": 25,
      "11": 25,
      "12": 343,
      "13": 673,
      "14": 331,
      "15": 0
    },
    "b": {"1": [323, 137]},
    "f": {"1": 54, "2": 17, "3": 460, "4": 26, "5": 25, "6": 343, "7": 673, "8": 331, "9": 0},
    "fnMap": {
      "1": {
        "name": "constructor",
        "line": 27,
        "loc": {"start": {"line": 21, "column": 2}, "end": {"line": 27, "column": 85}}
      },
      "2": {
        "name": "getRevision",
        "line": 33,
        "loc": {"start": {"line": 33, "column": 2}, "end": {"line": 35, "column": 2}}
      },
      "3": {
        "name": "balanceOf",
        "line": 41,
        "loc": {"start": {"line": 41, "column": 2}, "end": {"line": 49, "column": 2}}
      },
      "4": {
        "name": "mint",
        "line": 61,
        "loc": {"start": {"line": 57, "column": 2}, "end": {"line": 67, "column": 2}}
      },
      "5": {
        "name": "burn",
        "line": 78,
        "loc": {"start": {"line": 74, "column": 2}, "end": {"line": 83, "column": 2}}
      },
      "6": {
        "name": "scaledBalanceOf",
        "line": 89,
        "loc": {"start": {"line": 89, "column": 2}, "end": {"line": 91, "column": 2}}
      },
      "7": {
        "name": "totalSupply",
        "line": 97,
        "loc": {"start": {"line": 97, "column": 2}, "end": {"line": 99, "column": 2}}
      },
      "8": {
        "name": "scaledTotalSupply",
        "line": 105,
        "loc": {"start": {"line": 105, "column": 2}, "end": {"line": 107, "column": 2}}
      },
      "9": {
        "name": "getScaledUserBalanceAndSupply",
        "line": 115,
        "loc": {"start": {"line": 115, "column": 2}, "end": {"line": 117, "column": 2}}
      }
    },
    "statementMap": {
      "1": {"start": {"line": 34, "column": 4}, "end": {"line": 34, "column": 30}},
      "2": {"start": {"line": 42, "column": 4}, "end": {"line": 42, "column": 49}},
      "3": {"start": {"line": 44, "column": 4}, "end": {"line": 44, "column": 1484}},
      "4": {"start": {"line": 45, "column": 6}, "end": {"line": 45, "column": 14}},
      "5": {"start": {"line": 48, "column": 4}, "end": {"line": 48, "column": 88}},
      "6": {"start": {"line": 63, "column": 4}, "end": {"line": 63, "column": 36}},
      "7": {"start": {"line": 65, "column": 4}, "end": {"line": 65, "column": 43}},
      "8": {"start": {"line": 66, "column": 4}, "end": {"line": 66, "column": 34}},
      "9": {"start": {"line": 79, "column": 4}, "end": {"line": 79, "column": 36}},
      "10": {"start": {"line": 81, "column": 4}, "end": {"line": 81, "column": 43}},
      "11": {"start": {"line": 82, "column": 4}, "end": {"line": 82, "column": 34}},
      "12": {"start": {"line": 90, "column": 4}, "end": {"line": 90, "column": 32}},
      "13": {"start": {"line": 98, "column": 4}, "end": {"line": 98, "column": 94}},
      "14": {"start": {"line": 106, "column": 4}, "end": {"line": 106, "column": 30}},
      "15": {"start": {"line": 116, "column": 4}, "end": {"line": 116, "column": 55}}
    },
    "branchMap": {
      "1": {
        "line": 44,
        "type": "if",
        "locations": [
          {"start": {"line": 44, "column": 4}, "end": {"line": 44, "column": 4}},
          {"start": {"line": 44, "column": 4}, "end": {"line": 44, "column": 4}}
        ]
      }
    }
  }
}
